# Logfile created on Sun Nov 16 11:10:32 -0500 2008 by /
  [4;36;1mSQL (0.000159)[0m   [0;1mselect sqlite_version(*)[0m
  [4;35;1mSQL (0.000119)[0m   [0m SELECT name
 FROM sqlite_master
 WHERE type = 'table' AND NOT name = 'sqlite_sequence'
[0m
  [4;36;1mSQL (0.000306)[0m   [0;1mCREATE TABLE "comments" ("id" INTEGER PRIMARY KEY AUTOINCREMENT NOT NULL, "commentable_id" integer DEFAULT 0, "commentable_type" varchar(15) DEFAULT '', "title" varchar(255) DEFAULT '', "body" text DEFAULT '', "subject" varchar(255) DEFAULT '', "user_id" integer DEFAULT 0 NOT NULL, "parent_id" integer, "lft" integer, "rgt" integer, "created_at" datetime, "updated_at" datetime) [0m
  [4;35;1mSQL (0.000124)[0m   [0mCREATE INDEX "index_comments_on_user_id" ON "comments" ("user_id")[0m
  [4;36;1mSQL (0.000000)[0m   [0;1mSQLite3::SQLException: no such table: main.commentables: CREATE INDEX "index_commentables_on_commentable_id" ON "commentables" ("commentable_id")[0m
  [4;36;1mSQL (0.000133)[0m   [0;1mselect sqlite_version(*)[0m
  [4;35;1mSQL (0.000105)[0m   [0m SELECT name
 FROM sqlite_master
 WHERE type = 'table' AND NOT name = 'sqlite_sequence'
[0m
  [4;36;1mSQL (0.000279)[0m   [0;1mCREATE TABLE "comments" ("id" INTEGER PRIMARY KEY AUTOINCREMENT NOT NULL, "commentable_id" integer DEFAULT 0, "commentable_type" varchar(15) DEFAULT '', "title" varchar(255) DEFAULT '', "body" text DEFAULT '', "subject" varchar(255) DEFAULT '', "user_id" integer DEFAULT 0 NOT NULL, "parent_id" integer, "lft" integer, "rgt" integer, "created_at" datetime, "updated_at" datetime) [0m
  [4;35;1mSQL (0.000111)[0m   [0mCREATE INDEX "index_comments_on_user_id" ON "comments" ("user_id")[0m
  [4;36;1mSQL (0.000000)[0m   [0;1mSQLite3::SQLException: no such table: main.commentables: CREATE INDEX "index_commentables_on_commentable_id" ON "commentables" ("commentable_id")[0m
  [4;36;1mSQL (0.000134)[0m   [0;1mselect sqlite_version(*)[0m
  [4;35;1mSQL (0.000104)[0m   [0m SELECT name
 FROM sqlite_master
 WHERE type = 'table' AND NOT name = 'sqlite_sequence'
[0m
  [4;36;1mSQL (0.000243)[0m   [0;1mCREATE TABLE "commentable" ("id" INTEGER PRIMARY KEY AUTOINCREMENT NOT NULL, "created_at" datetime, "updated_at" datetime) [0m
  [4;35;1mSQL (0.000086)[0m   [0m SELECT name
 FROM sqlite_master
 WHERE type = 'table' AND NOT name = 'sqlite_sequence'
[0m
  [4;36;1mSQL (0.000156)[0m   [0;1mCREATE TABLE "comments" ("id" INTEGER PRIMARY KEY AUTOINCREMENT NOT NULL, "commentable_id" integer DEFAULT 0, "commentable_type" varchar(15) DEFAULT '', "title" varchar(255) DEFAULT '', "body" text DEFAULT '', "subject" varchar(255) DEFAULT '', "user_id" integer DEFAULT 0 NOT NULL, "parent_id" integer, "lft" integer, "rgt" integer, "created_at" datetime, "updated_at" datetime) [0m
  [4;35;1mSQL (0.000114)[0m   [0mCREATE INDEX "index_comments_on_user_id" ON "comments" ("user_id")[0m
  [4;36;1mSQL (0.000116)[0m   [0;1mCREATE INDEX "index_comments_on_commentable_id" ON "comments" ("commentable_id")[0m
  [4;35;1mSQL (0.000102)[0m   [0m SELECT name
 FROM sqlite_master
 WHERE type = 'table' AND NOT name = 'sqlite_sequence'
[0m
  [4;36;1mSQL (0.000137)[0m   [0;1mCREATE TABLE "schema_migrations" ("version" varchar(255) NOT NULL) [0m
  [4;35;1mSQL (0.000100)[0m   [0mCREATE UNIQUE INDEX "unique_schema_migrations" ON "schema_migrations" ("version")[0m
  [4;36;1mSQL (0.000118)[0m   [0;1m SELECT name
 FROM sqlite_master
 WHERE type = 'table' AND NOT name = 'sqlite_sequence'
[0m
  [4;35;1mSQL (0.000042)[0m   [0mSELECT version FROM "schema_migrations"[0m
  [4;36;1mSQL (0.000049)[0m   [0;1mINSERT INTO "schema_migrations" (version) VALUES ('0')[0m
  [4;36;1mSQL (0.000139)[0m   [0;1mselect sqlite_version(*)[0m
  [4;35;1mSQL (0.000184)[0m   [0m SELECT name
 FROM sqlite_master
 WHERE type = 'table' AND NOT name = 'sqlite_sequence'
[0m
  [4;36;1mSQL (0.002500)[0m   [0;1mCREATE TABLE "commentable" ("id" INTEGER PRIMARY KEY AUTOINCREMENT NOT NULL, "created_at" datetime, "updated_at" datetime) [0m
  [4;35;1mSQL (0.000236)[0m   [0m SELECT name
 FROM sqlite_master
 WHERE type = 'table' AND NOT name = 'sqlite_sequence'
[0m
  [4;36;1mSQL (0.002165)[0m   [0;1mCREATE TABLE "comments" ("id" INTEGER PRIMARY KEY AUTOINCREMENT NOT NULL, "commentable_id" integer DEFAULT 0, "commentable_type" varchar(15) DEFAULT '', "title" varchar(255) DEFAULT '', "body" text DEFAULT '', "subject" varchar(255) DEFAULT '', "user_id" integer DEFAULT 0 NOT NULL, "parent_id" integer, "lft" integer, "rgt" integer, "created_at" datetime, "updated_at" datetime) [0m
  [4;35;1mSQL (0.002441)[0m   [0mCREATE INDEX "index_comments_on_user_id" ON "comments" ("user_id")[0m
  [4;36;1mSQL (0.002180)[0m   [0;1mCREATE INDEX "index_comments_on_commentable_id" ON "comments" ("commentable_id")[0m
  [4;35;1mSQL (0.000186)[0m   [0m SELECT name
 FROM sqlite_master
 WHERE type = 'table' AND NOT name = 'sqlite_sequence'
[0m
  [4;36;1mSQL (0.001545)[0m   [0;1mCREATE TABLE "schema_migrations" ("version" varchar(255) NOT NULL) [0m
  [4;35;1mSQL (0.001860)[0m   [0mCREATE UNIQUE INDEX "unique_schema_migrations" ON "schema_migrations" ("version")[0m
  [4;36;1mSQL (0.000286)[0m   [0;1m SELECT name
 FROM sqlite_master
 WHERE type = 'table' AND NOT name = 'sqlite_sequence'
[0m
  [4;35;1mSQL (0.000117)[0m   [0mSELECT version FROM "schema_migrations"[0m
  [4;36;1mSQL (0.001958)[0m   [0;1mINSERT INTO "schema_migrations" (version) VALUES ('0')[0m
  [4;35;1mSQL (0.000240)[0m   [0mSELECT max("comments".rgt) AS max_rgt FROM "comments" WHERE ("comments"."commentable_type" = '' AND "comments"."commentable_id" = 0) [0m
  [4;36;1mComment Create (0.000340)[0m   [0;1mINSERT INTO "comments" ("commentable_type", "updated_at", "title", "body", "lft", "commentable_id", "subject", "user_id", "parent_id", "rgt", "created_at") VALUES('', '2008-11-16 11:42:02', '', 'Root comment', 1, 0, '', 0, NULL, 2, '2008-11-16 11:42:02')[0m
  [4;35;1mSQL (0.000301)[0m   [0mSELECT max("comments".rgt) AS max_rgt FROM "comments" WHERE ("comments"."commentable_type" = '' AND "comments"."commentable_id" = 0) [0m
  [4;36;1mComment Create (0.000327)[0m   [0;1mINSERT INTO "comments" ("commentable_type", "updated_at", "title", "body", "lft", "commentable_id", "subject", "user_id", "parent_id", "rgt", "created_at") VALUES('', '2008-11-16 11:42:02', '', 'A comment', 3, 0, '', 0, NULL, 4, '2008-11-16 11:42:02')[0m
  [4;35;1mComment Load (0.000198)[0m   [0mSELECT "lft", "rgt", "parent_id" FROM "comments" WHERE ("comments"."id" = 1) [0m
  [4;36;1mComment Load (0.000139)[0m   [0;1mSELECT "lft", "rgt", "parent_id" FROM "comments" WHERE ("comments"."id" = 2) [0m
  [4;35;1mComment Update (0.000559)[0m   [0mUPDATE "comments" SET "lft" = CASE WHEN "lft" BETWEEN 2 AND 2 THEN "lft" + 4 - 2 WHEN "lft" BETWEEN 3 AND 4 THEN "lft" + 2 - 3 ELSE "lft" END, "rgt" = CASE WHEN "rgt" BETWEEN 2 AND 2 THEN "rgt" + 4 - 2 WHEN "rgt" BETWEEN 3 AND 4 THEN "rgt" + 2 - 3 ELSE "rgt" END, "parent_id" = CASE WHEN id = 2 THEN 1 ELSE "parent_id" END WHERE ("comments"."commentable_type" = '' AND "comments"."commentable_id" = 0) [0m
  [4;36;1mComment Load (0.000227)[0m   [0;1mSELECT "lft", "rgt", "parent_id" FROM "comments" WHERE ("comments"."id" = 1) [0m
  [4;35;1mComment Load (0.000183)[0m   [0mSELECT "lft", "rgt", "parent_id" FROM "comments" WHERE ("comments"."id" = 2) [0m
  [4;36;1mComment Load (0.000302)[0m   [0;1mSELECT * FROM "comments" WHERE ("comments"."id" = 1) AND ("comments"."commentable_type" = '' AND "comments"."commentable_id" = 0) ORDER BY "lft" LIMIT 1[0m
  [4;35;1mComment Load (0.000668)[0m   [0mSELECT * FROM "comments" WHERE (("comments"."parent_id" = 1) AND ("comments"."commentable_type" = '' AND "comments"."commentable_id" = 0)) ORDER BY "lft"[0m
  [4;36;1mSQL (0.000185)[0m   [0;1mselect sqlite_version(*)[0m
  [4;35;1mSQL (0.000515)[0m   [0m SELECT name
 FROM sqlite_master
 WHERE type = 'table' AND NOT name = 'sqlite_sequence'
[0m
  [4;36;1mSQL (0.003690)[0m   [0;1mDROP TABLE "commentable"[0m
  [4;35;1mSQL (0.002817)[0m   [0mCREATE TABLE "commentable" ("id" INTEGER PRIMARY KEY AUTOINCREMENT NOT NULL, "created_at" datetime, "updated_at" datetime) [0m
  [4;36;1mSQL (0.000308)[0m   [0;1m SELECT name
 FROM sqlite_master
 WHERE type = 'table' AND NOT name = 'sqlite_sequence'
[0m
  [4;35;1mSQL (0.003014)[0m   [0mDROP TABLE "comments"[0m
  [4;36;1mSQL (0.002358)[0m   [0;1mCREATE TABLE "comments" ("id" INTEGER PRIMARY KEY AUTOINCREMENT NOT NULL, "commentable_id" integer DEFAULT 0, "commentable_type" varchar(15) DEFAULT '', "title" varchar(255) DEFAULT '', "body" text DEFAULT '', "subject" varchar(255) DEFAULT '', "user_id" integer DEFAULT 0 NOT NULL, "parent_id" integer, "lft" integer, "rgt" integer, "created_at" datetime, "updated_at" datetime) [0m
  [4;35;1mSQL (0.002648)[0m   [0mCREATE INDEX "index_comments_on_user_id" ON "comments" ("user_id")[0m
  [4;36;1mSQL (0.003082)[0m   [0;1mCREATE INDEX "index_comments_on_commentable_id" ON "comments" ("commentable_id")[0m
  [4;35;1mSQL (0.000382)[0m   [0m SELECT name
 FROM sqlite_master
 WHERE type = 'table' AND NOT name = 'sqlite_sequence'
[0m
  [4;36;1mSQL (0.000148)[0m   [0;1mSELECT version FROM "schema_migrations"[0m
  [4;35;1mSQL (0.000247)[0m   [0mSELECT max("comments".rgt) AS max_rgt FROM "comments" WHERE ("comments"."commentable_type" = '' AND "comments"."commentable_id" = 0) [0m
  [4;36;1mComment Create (0.000359)[0m   [0;1mINSERT INTO "comments" ("commentable_type", "updated_at", "title", "body", "lft", "commentable_id", "subject", "user_id", "parent_id", "rgt", "created_at") VALUES('', '2008-11-16 11:42:13', '', 'Root comment', 1, 0, '', 0, NULL, 2, '2008-11-16 11:42:13')[0m
  [4;35;1mSQL (0.000233)[0m   [0mSELECT max("comments".rgt) AS max_rgt FROM "comments" WHERE ("comments"."commentable_type" = '' AND "comments"."commentable_id" = 0) [0m
  [4;36;1mComment Create (0.000293)[0m   [0;1mINSERT INTO "comments" ("commentable_type", "updated_at", "title", "body", "lft", "commentable_id", "subject", "user_id", "parent_id", "rgt", "created_at") VALUES('', '2008-11-16 11:42:13', '', 'A comment', 3, 0, '', 0, NULL, 4, '2008-11-16 11:42:13')[0m
  [4;35;1mComment Load (0.000412)[0m   [0mSELECT "lft", "rgt", "parent_id" FROM "comments" WHERE ("comments"."id" = 1) [0m
  [4;36;1mComment Load (0.000152)[0m   [0;1mSELECT "lft", "rgt", "parent_id" FROM "comments" WHERE ("comments"."id" = 2) [0m
  [4;35;1mComment Update (0.000646)[0m   [0mUPDATE "comments" SET "lft" = CASE WHEN "lft" BETWEEN 2 AND 2 THEN "lft" + 4 - 2 WHEN "lft" BETWEEN 3 AND 4 THEN "lft" + 2 - 3 ELSE "lft" END, "rgt" = CASE WHEN "rgt" BETWEEN 2 AND 2 THEN "rgt" + 4 - 2 WHEN "rgt" BETWEEN 3 AND 4 THEN "rgt" + 2 - 3 ELSE "rgt" END, "parent_id" = CASE WHEN id = 2 THEN 1 ELSE "parent_id" END WHERE ("comments"."commentable_type" = '' AND "comments"."commentable_id" = 0) [0m
  [4;36;1mComment Load (0.000501)[0m   [0;1mSELECT "lft", "rgt", "parent_id" FROM "comments" WHERE ("comments"."id" = 1) [0m
  [4;35;1mComment Load (0.000233)[0m   [0mSELECT "lft", "rgt", "parent_id" FROM "comments" WHERE ("comments"."id" = 2) [0m
  [4;36;1mComment Load (0.000346)[0m   [0;1mSELECT * FROM "comments" WHERE ("comments"."id" = 1) AND ("comments"."commentable_type" = '' AND "comments"."commentable_id" = 0) ORDER BY "lft" LIMIT 1[0m
  [4;35;1mComment Load (0.000752)[0m   [0mSELECT * FROM "comments" WHERE (("comments"."parent_id" = 1) AND ("comments"."commentable_type" = '' AND "comments"."commentable_id" = 0)) ORDER BY "lft"[0m
  [4;36;1mSQL (0.000148)[0m   [0;1mselect sqlite_version(*)[0m
  [4;35;1mSQL (0.000381)[0m   [0m SELECT name
 FROM sqlite_master
 WHERE type = 'table' AND NOT name = 'sqlite_sequence'
[0m
  [4;36;1mSQL (0.003494)[0m   [0;1mCREATE TABLE "commentables" ("id" INTEGER PRIMARY KEY AUTOINCREMENT NOT NULL, "created_at" datetime, "updated_at" datetime) [0m
  [4;35;1mSQL (0.000307)[0m   [0m SELECT name
 FROM sqlite_master
 WHERE type = 'table' AND NOT name = 'sqlite_sequence'
[0m
  [4;36;1mSQL (0.002397)[0m   [0;1mDROP TABLE "comments"[0m
  [4;35;1mSQL (0.002737)[0m   [0mCREATE TABLE "comments" ("id" INTEGER PRIMARY KEY AUTOINCREMENT NOT NULL, "commentable_id" integer DEFAULT 0, "commentable_type" varchar(15) DEFAULT '', "title" varchar(255) DEFAULT '', "body" text DEFAULT '', "subject" varchar(255) DEFAULT '', "user_id" integer DEFAULT 0 NOT NULL, "parent_id" integer, "lft" integer, "rgt" integer, "created_at" datetime, "updated_at" datetime) [0m
  [4;36;1mSQL (0.001973)[0m   [0;1mCREATE INDEX "index_comments_on_user_id" ON "comments" ("user_id")[0m
  [4;35;1mSQL (0.001568)[0m   [0mCREATE INDEX "index_comments_on_commentable_id" ON "comments" ("commentable_id")[0m
  [4;36;1mSQL (0.000231)[0m   [0;1m SELECT name
 FROM sqlite_master
 WHERE type = 'table' AND NOT name = 'sqlite_sequence'
[0m
  [4;35;1mSQL (0.000131)[0m   [0mSELECT version FROM "schema_migrations"[0m
  [4;36;1mSQL (0.000225)[0m   [0;1mSELECT max("comments".rgt) AS max_rgt FROM "comments" WHERE ("comments"."commentable_type" = '' AND "comments"."commentable_id" = 0) [0m
  [4;35;1mComment Create (0.000360)[0m   [0mINSERT INTO "comments" ("commentable_type", "updated_at", "title", "body", "lft", "commentable_id", "subject", "user_id", "parent_id", "rgt", "created_at") VALUES('', '2008-11-16 11:42:27', '', 'Root comment', 1, 0, '', 0, NULL, 2, '2008-11-16 11:42:27')[0m
  [4;36;1mSQL (0.000288)[0m   [0;1mSELECT max("comments".rgt) AS max_rgt FROM "comments" WHERE ("comments"."commentable_type" = '' AND "comments"."commentable_id" = 0) [0m
  [4;35;1mComment Create (0.000315)[0m   [0mINSERT INTO "comments" ("commentable_type", "updated_at", "title", "body", "lft", "commentable_id", "subject", "user_id", "parent_id", "rgt", "created_at") VALUES('', '2008-11-16 11:42:27', '', 'A comment', 3, 0, '', 0, NULL, 4, '2008-11-16 11:42:27')[0m
  [4;36;1mComment Load (0.000298)[0m   [0;1mSELECT "lft", "rgt", "parent_id" FROM "comments" WHERE ("comments"."id" = 1) [0m
  [4;35;1mComment Load (0.000161)[0m   [0mSELECT "lft", "rgt", "parent_id" FROM "comments" WHERE ("comments"."id" = 2) [0m
  [4;36;1mComment Update (0.000712)[0m   [0;1mUPDATE "comments" SET "lft" = CASE WHEN "lft" BETWEEN 2 AND 2 THEN "lft" + 4 - 2 WHEN "lft" BETWEEN 3 AND 4 THEN "lft" + 2 - 3 ELSE "lft" END, "rgt" = CASE WHEN "rgt" BETWEEN 2 AND 2 THEN "rgt" + 4 - 2 WHEN "rgt" BETWEEN 3 AND 4 THEN "rgt" + 2 - 3 ELSE "rgt" END, "parent_id" = CASE WHEN id = 2 THEN 1 ELSE "parent_id" END WHERE ("comments"."commentable_type" = '' AND "comments"."commentable_id" = 0) [0m
  [4;35;1mComment Load (0.000352)[0m   [0mSELECT "lft", "rgt", "parent_id" FROM "comments" WHERE ("comments"."id" = 1) [0m
  [4;36;1mComment Load (0.000252)[0m   [0;1mSELECT "lft", "rgt", "parent_id" FROM "comments" WHERE ("comments"."id" = 2) [0m
  [4;35;1mComment Load (0.000306)[0m   [0mSELECT * FROM "comments" WHERE ("comments"."id" = 1) AND ("comments"."commentable_type" = '' AND "comments"."commentable_id" = 0) ORDER BY "lft" LIMIT 1[0m
  [4;36;1mComment Load (0.000665)[0m   [0;1mSELECT * FROM "comments" WHERE (("comments"."parent_id" = 1) AND ("comments"."commentable_type" = '' AND "comments"."commentable_id" = 0)) ORDER BY "lft"[0m
  [4;36;1mSQL (0.000165)[0m   [0;1mselect sqlite_version(*)[0m
  [4;35;1mSQL (0.000652)[0m   [0m SELECT name
 FROM sqlite_master
 WHERE type = 'table' AND NOT name = 'sqlite_sequence'
[0m
  [4;36;1mSQL (0.003942)[0m   [0;1mDROP TABLE "commentables"[0m
  [4;35;1mSQL (0.002116)[0m   [0mCREATE TABLE "commentables" ("id" INTEGER PRIMARY KEY AUTOINCREMENT NOT NULL, "created_at" datetime, "updated_at" datetime) [0m
  [4;36;1mSQL (0.000292)[0m   [0;1m SELECT name
 FROM sqlite_master
 WHERE type = 'table' AND NOT name = 'sqlite_sequence'
[0m
  [4;35;1mSQL (0.002478)[0m   [0mDROP TABLE "comments"[0m
  [4;36;1mSQL (0.003964)[0m   [0;1mCREATE TABLE "comments" ("id" INTEGER PRIMARY KEY AUTOINCREMENT NOT NULL, "commentable_id" integer DEFAULT 0, "commentable_type" varchar(15) DEFAULT '', "title" varchar(255) DEFAULT '', "body" text DEFAULT '', "subject" varchar(255) DEFAULT '', "user_id" integer DEFAULT 0 NOT NULL, "parent_id" integer, "lft" integer, "rgt" integer, "created_at" datetime, "updated_at" datetime) [0m
  [4;35;1mSQL (0.002337)[0m   [0mCREATE INDEX "index_comments_on_user_id" ON "comments" ("user_id")[0m
  [4;36;1mSQL (0.002585)[0m   [0;1mCREATE INDEX "index_comments_on_commentable_id" ON "comments" ("commentable_id")[0m
  [4;35;1mSQL (0.000584)[0m   [0m SELECT name
 FROM sqlite_master
 WHERE type = 'table' AND NOT name = 'sqlite_sequence'
[0m
  [4;36;1mSQL (0.000212)[0m   [0;1mSELECT version FROM "schema_migrations"[0m
  [4;35;1mSQL (0.000213)[0m   [0mSELECT max("comments".rgt) AS max_rgt FROM "comments" WHERE ("comments"."commentable_type" = '' AND "comments"."commentable_id" = 0) [0m
  [4;36;1mComment Create (0.000344)[0m   [0;1mINSERT INTO "comments" ("commentable_type", "updated_at", "title", "body", "lft", "commentable_id", "subject", "user_id", "parent_id", "rgt", "created_at") VALUES('', '2008-11-16 11:43:31', '', 'Root comment', 1, 0, '', 0, NULL, 2, '2008-11-16 11:43:31')[0m
  [4;35;1mSQL (0.000334)[0m   [0mSELECT max("comments".rgt) AS max_rgt FROM "comments" WHERE ("comments"."commentable_type" = '' AND "comments"."commentable_id" = 0) [0m
  [4;36;1mComment Create (0.000345)[0m   [0;1mINSERT INTO "comments" ("commentable_type", "updated_at", "title", "body", "lft", "commentable_id", "subject", "user_id", "parent_id", "rgt", "created_at") VALUES('', '2008-11-16 11:43:31', '', 'A comment', 3, 0, '', 0, NULL, 4, '2008-11-16 11:43:31')[0m
  [4;35;1mComment Load (0.000241)[0m   [0mSELECT "lft", "rgt", "parent_id" FROM "comments" WHERE ("comments"."id" = 1) [0m
  [4;36;1mComment Load (0.000124)[0m   [0;1mSELECT "lft", "rgt", "parent_id" FROM "comments" WHERE ("comments"."id" = 2) [0m
  [4;35;1mComment Update (0.000560)[0m   [0mUPDATE "comments" SET "lft" = CASE WHEN "lft" BETWEEN 2 AND 2 THEN "lft" + 4 - 2 WHEN "lft" BETWEEN 3 AND 4 THEN "lft" + 2 - 3 ELSE "lft" END, "rgt" = CASE WHEN "rgt" BETWEEN 2 AND 2 THEN "rgt" + 4 - 2 WHEN "rgt" BETWEEN 3 AND 4 THEN "rgt" + 2 - 3 ELSE "rgt" END, "parent_id" = CASE WHEN id = 2 THEN 1 ELSE "parent_id" END WHERE ("comments"."commentable_type" = '' AND "comments"."commentable_id" = 0) [0m
  [4;36;1mComment Load (0.000233)[0m   [0;1mSELECT "lft", "rgt", "parent_id" FROM "comments" WHERE ("comments"."id" = 1) [0m
  [4;35;1mComment Load (0.000226)[0m   [0mSELECT "lft", "rgt", "parent_id" FROM "comments" WHERE ("comments"."id" = 2) [0m
  [4;36;1mComment Load (0.000323)[0m   [0;1mSELECT * FROM "comments" WHERE ("comments"."id" = 1) AND ("comments"."commentable_type" = '' AND "comments"."commentable_id" = 0) ORDER BY "lft" LIMIT 1[0m
  [4;35;1mComment Load (0.000640)[0m   [0mSELECT * FROM "comments" WHERE (("comments"."parent_id" = 1) AND ("comments"."commentable_type" = '' AND "comments"."commentable_id" = 0)) ORDER BY "lft"[0m
  [4;36;1mSQL (0.000190)[0m   [0;1mselect sqlite_version(*)[0m
  [4;35;1mSQL (0.000156)[0m   [0m SELECT name
 FROM sqlite_master
 WHERE type = 'table' AND NOT name = 'sqlite_sequence'
[0m
  [4;36;1mSQL (0.000394)[0m   [0;1mCREATE TABLE "commentables" ("id" INTEGER PRIMARY KEY AUTOINCREMENT NOT NULL, "created_at" datetime, "updated_at" datetime) [0m
  [4;35;1mSQL (0.000080)[0m   [0m SELECT name
 FROM sqlite_master
 WHERE type = 'table' AND NOT name = 'sqlite_sequence'
[0m
  [4;36;1mSQL (0.000157)[0m   [0;1mCREATE TABLE "comments" ("id" INTEGER PRIMARY KEY AUTOINCREMENT NOT NULL, "commentable_id" integer DEFAULT 0, "commentable_type" varchar(15) DEFAULT '', "title" varchar(255) DEFAULT '', "body" text DEFAULT '', "subject" varchar(255) DEFAULT '', "user_id" integer DEFAULT 0 NOT NULL, "parent_id" integer, "lft" integer, "rgt" integer, "created_at" datetime, "updated_at" datetime) [0m
  [4;35;1mSQL (0.000116)[0m   [0mCREATE INDEX "index_comments_on_user_id" ON "comments" ("user_id")[0m
  [4;36;1mSQL (0.000102)[0m   [0;1mCREATE INDEX "index_comments_on_commentable_id" ON "comments" ("commentable_id")[0m
  [4;35;1mSQL (0.000097)[0m   [0m SELECT name
 FROM sqlite_master
 WHERE type = 'table' AND NOT name = 'sqlite_sequence'
[0m
  [4;36;1mSQL (0.000136)[0m   [0;1mCREATE TABLE "schema_migrations" ("version" varchar(255) NOT NULL) [0m
  [4;35;1mSQL (0.000108)[0m   [0mCREATE UNIQUE INDEX "unique_schema_migrations" ON "schema_migrations" ("version")[0m
  [4;36;1mSQL (0.000147)[0m   [0;1m SELECT name
 FROM sqlite_master
 WHERE type = 'table' AND NOT name = 'sqlite_sequence'
[0m
  [4;35;1mSQL (0.000050)[0m   [0mSELECT version FROM "schema_migrations"[0m
  [4;36;1mSQL (0.000051)[0m   [0;1mINSERT INTO "schema_migrations" (version) VALUES ('0')[0m
  [4;35;1mSQL (0.000217)[0m   [0mSELECT max("comments".rgt) AS max_rgt FROM "comments" WHERE ("comments"."commentable_type" = '' AND "comments"."commentable_id" = 0) [0m
  [4;36;1mComment Create (0.000083)[0m   [0;1mINSERT INTO "comments" ("commentable_type", "updated_at", "title", "body", "lft", "commentable_id", "subject", "user_id", "parent_id", "rgt", "created_at") VALUES('', '2008-11-16 11:44:11', '', 'Root comment', 1, 0, '', 0, NULL, 2, '2008-11-16 11:44:11')[0m
  [4;35;1mSQL (0.000097)[0m   [0mSELECT max("comments".rgt) AS max_rgt FROM "comments" WHERE ("comments"."commentable_type" = '' AND "comments"."commentable_id" = 0) [0m
  [4;36;1mComment Create (0.000081)[0m   [0;1mINSERT INTO "comments" ("commentable_type", "updated_at", "title", "body", "lft", "commentable_id", "subject", "user_id", "parent_id", "rgt", "created_at") VALUES('', '2008-11-16 11:44:11', '', 'A comment', 3, 0, '', 0, NULL, 4, '2008-11-16 11:44:11')[0m
  [4;35;1mComment Load (0.000103)[0m   [0mSELECT "lft", "rgt", "parent_id" FROM "comments" WHERE ("comments"."id" = 1) [0m
  [4;36;1mComment Load (0.000093)[0m   [0;1mSELECT "lft", "rgt", "parent_id" FROM "comments" WHERE ("comments"."id" = 2) [0m
  [4;35;1mComment Update (0.000121)[0m   [0mUPDATE "comments" SET "lft" = CASE WHEN "lft" BETWEEN 2 AND 2 THEN "lft" + 4 - 2 WHEN "lft" BETWEEN 3 AND 4 THEN "lft" + 2 - 3 ELSE "lft" END, "rgt" = CASE WHEN "rgt" BETWEEN 2 AND 2 THEN "rgt" + 4 - 2 WHEN "rgt" BETWEEN 3 AND 4 THEN "rgt" + 2 - 3 ELSE "rgt" END, "parent_id" = CASE WHEN id = 2 THEN 1 ELSE "parent_id" END WHERE ("comments"."commentable_type" = '' AND "comments"."commentable_id" = 0) [0m
  [4;36;1mComment Load (0.000156)[0m   [0;1mSELECT "lft", "rgt", "parent_id" FROM "comments" WHERE ("comments"."id" = 1) [0m
  [4;35;1mComment Load (0.000151)[0m   [0mSELECT "lft", "rgt", "parent_id" FROM "comments" WHERE ("comments"."id" = 2) [0m
  [4;36;1mComment Load (0.000322)[0m   [0;1mSELECT * FROM "comments" WHERE ("comments"."id" = 1) AND ("comments"."commentable_type" = '' AND "comments"."commentable_id" = 0) ORDER BY "lft" LIMIT 1[0m
  [4;35;1mComment Load (0.001220)[0m   [0mSELECT * FROM "comments" WHERE (("comments"."parent_id" = 1) AND ("comments"."commentable_type" = '' AND "comments"."commentable_id" = 0)) ORDER BY "lft"[0m
  [4;36;1mSQL (0.000167)[0m   [0;1mselect sqlite_version(*)[0m
  [4;35;1mSQL (0.000133)[0m   [0m SELECT name
 FROM sqlite_master
 WHERE type = 'table' AND NOT name = 'sqlite_sequence'
[0m
  [4;36;1mSQL (0.000255)[0m   [0;1mCREATE TABLE "users" ("id" INTEGER PRIMARY KEY AUTOINCREMENT NOT NULL, "created_at" datetime, "updated_at" datetime) [0m
  [4;35;1mSQL (0.000093)[0m   [0m SELECT name
 FROM sqlite_master
 WHERE type = 'table' AND NOT name = 'sqlite_sequence'
[0m
  [4;36;1mSQL (0.000130)[0m   [0;1mCREATE TABLE "commentables" ("id" INTEGER PRIMARY KEY AUTOINCREMENT NOT NULL, "created_at" datetime, "updated_at" datetime) [0m
  [4;35;1mSQL (0.000121)[0m   [0m SELECT name
 FROM sqlite_master
 WHERE type = 'table' AND NOT name = 'sqlite_sequence'
[0m
  [4;36;1mSQL (0.000192)[0m   [0;1mCREATE TABLE "comments" ("id" INTEGER PRIMARY KEY AUTOINCREMENT NOT NULL, "commentable_id" integer DEFAULT 0, "commentable_type" varchar(15) DEFAULT '', "title" varchar(255) DEFAULT '', "body" text DEFAULT '', "subject" varchar(255) DEFAULT '', "user_id" integer DEFAULT 0 NOT NULL, "parent_id" integer, "lft" integer, "rgt" integer, "created_at" datetime, "updated_at" datetime) [0m
  [4;35;1mSQL (0.000150)[0m   [0mCREATE INDEX "index_comments_on_user_id" ON "comments" ("user_id")[0m
  [4;36;1mSQL (0.000172)[0m   [0;1mCREATE INDEX "index_comments_on_commentable_id" ON "comments" ("commentable_id")[0m
  [4;35;1mSQL (0.000138)[0m   [0m SELECT name
 FROM sqlite_master
 WHERE type = 'table' AND NOT name = 'sqlite_sequence'
[0m
  [4;36;1mSQL (0.000130)[0m   [0;1mCREATE TABLE "schema_migrations" ("version" varchar(255) NOT NULL) [0m
  [4;35;1mSQL (0.000196)[0m   [0mCREATE UNIQUE INDEX "unique_schema_migrations" ON "schema_migrations" ("version")[0m
  [4;36;1mSQL (0.000154)[0m   [0;1m SELECT name
 FROM sqlite_master
 WHERE type = 'table' AND NOT name = 'sqlite_sequence'
[0m
  [4;35;1mSQL (0.000059)[0m   [0mSELECT version FROM "schema_migrations"[0m
  [4;36;1mSQL (0.000058)[0m   [0;1mINSERT INTO "schema_migrations" (version) VALUES ('0')[0m
  [4;35;1mUser Load (0.000080)[0m   [0mSELECT * FROM "users" WHERE ("users"."id" = 0) [0m
  [4;36;1mSQL (0.000153)[0m   [0;1mselect sqlite_version(*)[0m
  [4;35;1mSQL (0.000124)[0m   [0m SELECT name
 FROM sqlite_master
 WHERE type = 'table' AND NOT name = 'sqlite_sequence'
[0m
  [4;36;1mSQL (0.000247)[0m   [0;1mCREATE TABLE "users" ("id" INTEGER PRIMARY KEY AUTOINCREMENT NOT NULL, "created_at" datetime, "updated_at" datetime) [0m
  [4;35;1mSQL (0.000093)[0m   [0m SELECT name
 FROM sqlite_master
 WHERE type = 'table' AND NOT name = 'sqlite_sequence'
[0m
  [4;36;1mSQL (0.000129)[0m   [0;1mCREATE TABLE "commentables" ("id" INTEGER PRIMARY KEY AUTOINCREMENT NOT NULL, "created_at" datetime, "updated_at" datetime) [0m
  [4;35;1mSQL (0.000140)[0m   [0m SELECT name
 FROM sqlite_master
 WHERE type = 'table' AND NOT name = 'sqlite_sequence'
[0m
  [4;36;1mSQL (0.000195)[0m   [0;1mCREATE TABLE "comments" ("id" INTEGER PRIMARY KEY AUTOINCREMENT NOT NULL, "commentable_id" integer DEFAULT 0, "commentable_type" varchar(15) DEFAULT '', "title" varchar(255) DEFAULT '', "body" text DEFAULT '', "subject" varchar(255) DEFAULT '', "user_id" integer DEFAULT 0 NOT NULL, "parent_id" integer, "lft" integer, "rgt" integer, "created_at" datetime, "updated_at" datetime) [0m
  [4;35;1mSQL (0.000151)[0m   [0mCREATE INDEX "index_comments_on_user_id" ON "comments" ("user_id")[0m
  [4;36;1mSQL (0.000126)[0m   [0;1mCREATE INDEX "index_comments_on_commentable_id" ON "comments" ("commentable_id")[0m
  [4;35;1mSQL (0.000133)[0m   [0m SELECT name
 FROM sqlite_master
 WHERE type = 'table' AND NOT name = 'sqlite_sequence'
[0m
  [4;36;1mSQL (0.000126)[0m   [0;1mCREATE TABLE "schema_migrations" ("version" varchar(255) NOT NULL) [0m
  [4;35;1mSQL (0.000138)[0m   [0mCREATE UNIQUE INDEX "unique_schema_migrations" ON "schema_migrations" ("version")[0m
  [4;36;1mSQL (0.000151)[0m   [0;1m SELECT name
 FROM sqlite_master
 WHERE type = 'table' AND NOT name = 'sqlite_sequence'
[0m
  [4;35;1mSQL (0.000058)[0m   [0mSELECT version FROM "schema_migrations"[0m
  [4;36;1mSQL (0.000064)[0m   [0;1mINSERT INTO "schema_migrations" (version) VALUES ('0')[0m
  [4;35;1mUser Create (0.000074)[0m   [0mINSERT INTO "users" ("updated_at", "created_at") VALUES('2008-11-16 11:48:42', '2008-11-16 11:48:42')[0m
  [4;36;1mSQL (0.000141)[0m   [0;1mSELECT max("comments".rgt) AS max_rgt FROM "comments" WHERE ("comments"."commentable_id" = 0 AND "comments"."commentable_type" = '') [0m
  [4;35;1mComment Create (0.000075)[0m   [0mINSERT INTO "comments" ("commentable_type", "updated_at", "title", "body", "lft", "commentable_id", "subject", "user_id", "parent_id", "rgt", "created_at") VALUES('', '2008-11-16 11:48:42', '', 'Root comment', 1, 0, '', 1, NULL, 2, '2008-11-16 11:48:42')[0m
  [4;36;1mUser Create (0.000065)[0m   [0;1mINSERT INTO "users" ("updated_at", "created_at") VALUES('2008-11-16 11:48:42', '2008-11-16 11:48:42')[0m
  [4;35;1mSQL (0.000113)[0m   [0mSELECT max("comments".rgt) AS max_rgt FROM "comments" WHERE ("comments"."commentable_id" = 0 AND "comments"."commentable_type" = '') [0m
  [4;36;1mComment Create (0.000084)[0m   [0;1mINSERT INTO "comments" ("commentable_type", "updated_at", "title", "body", "lft", "commentable_id", "subject", "user_id", "parent_id", "rgt", "created_at") VALUES('', '2008-11-16 11:48:42', '', 'Root comment', 3, 0, '', 2, NULL, 4, '2008-11-16 11:48:42')[0m
  [4;36;1mSQL (0.000198)[0m   [0;1mselect sqlite_version(*)[0m
  [4;35;1mSQL (0.000155)[0m   [0m SELECT name
 FROM sqlite_master
 WHERE type = 'table' AND NOT name = 'sqlite_sequence'
[0m
  [4;36;1mSQL (0.000212)[0m   [0;1mCREATE TABLE "users" ("id" INTEGER PRIMARY KEY AUTOINCREMENT NOT NULL, "created_at" datetime, "updated_at" datetime) [0m
  [4;35;1mSQL (0.000079)[0m   [0m SELECT name
 FROM sqlite_master
 WHERE type = 'table' AND NOT name = 'sqlite_sequence'
[0m
  [4;36;1mSQL (0.000109)[0m   [0;1mCREATE TABLE "commentables" ("id" INTEGER PRIMARY KEY AUTOINCREMENT NOT NULL, "created_at" datetime, "updated_at" datetime) [0m
  [4;35;1mSQL (0.000115)[0m   [0m SELECT name
 FROM sqlite_master
 WHERE type = 'table' AND NOT name = 'sqlite_sequence'
[0m
  [4;36;1mSQL (0.000174)[0m   [0;1mCREATE TABLE "comments" ("id" INTEGER PRIMARY KEY AUTOINCREMENT NOT NULL, "commentable_id" integer DEFAULT 0, "commentable_type" varchar(15) DEFAULT '', "title" varchar(255) DEFAULT '', "body" text DEFAULT '', "subject" varchar(255) DEFAULT '', "user_id" integer DEFAULT 0 NOT NULL, "parent_id" integer, "lft" integer, "rgt" integer, "created_at" datetime, "updated_at" datetime) [0m
  [4;35;1mSQL (0.000130)[0m   [0mCREATE INDEX "index_comments_on_user_id" ON "comments" ("user_id")[0m
  [4;36;1mSQL (0.000107)[0m   [0;1mCREATE INDEX "index_comments_on_commentable_id" ON "comments" ("commentable_id")[0m
  [4;35;1mSQL (0.000113)[0m   [0m SELECT name
 FROM sqlite_master
 WHERE type = 'table' AND NOT name = 'sqlite_sequence'
[0m
  [4;36;1mSQL (0.000107)[0m   [0;1mCREATE TABLE "schema_migrations" ("version" varchar(255) NOT NULL) [0m
  [4;35;1mSQL (0.000119)[0m   [0mCREATE UNIQUE INDEX "unique_schema_migrations" ON "schema_migrations" ("version")[0m
  [4;36;1mSQL (0.000129)[0m   [0;1m SELECT name
 FROM sqlite_master
 WHERE type = 'table' AND NOT name = 'sqlite_sequence'
[0m
  [4;35;1mSQL (0.000072)[0m   [0mSELECT version FROM "schema_migrations"[0m
  [4;36;1mSQL (0.000077)[0m   [0;1mINSERT INTO "schema_migrations" (version) VALUES ('0')[0m
  [4;35;1mUser Create (0.000081)[0m   [0mINSERT INTO "users" ("updated_at", "created_at") VALUES('2008-11-16 11:49:12', '2008-11-16 11:49:12')[0m
  [4;36;1mSQL (0.000216)[0m   [0;1mSELECT max("comments".rgt) AS max_rgt FROM "comments" WHERE ("comments"."commentable_id" = 0 AND "comments"."commentable_type" = '') [0m
  [4;35;1mComment Create (0.000122)[0m   [0mINSERT INTO "comments" ("commentable_type", "updated_at", "title", "body", "lft", "commentable_id", "subject", "user_id", "parent_id", "rgt", "created_at") VALUES('', '2008-11-16 11:49:12', '', 'Root comment', 1, 0, '', 1, NULL, 2, '2008-11-16 11:49:12')[0m
  [4;36;1mSQL (0.000161)[0m   [0;1mSELECT max("comments".rgt) AS max_rgt FROM "comments" WHERE ("comments"."commentable_id" = 0 AND "comments"."commentable_type" = '') [0m
  [4;35;1mComment Create (0.000127)[0m   [0mINSERT INTO "comments" ("commentable_type", "updated_at", "title", "body", "lft", "commentable_id", "subject", "user_id", "parent_id", "rgt", "created_at") VALUES('', '2008-11-16 11:49:12', '', 'A comment', 3, 0, '', 1, NULL, 4, '2008-11-16 11:49:12')[0m
  [4;36;1mComment Load (0.000107)[0m   [0;1mSELECT "lft", "rgt", "parent_id" FROM "comments" WHERE ("comments"."id" = 1) [0m
  [4;35;1mComment Load (0.000100)[0m   [0mSELECT "lft", "rgt", "parent_id" FROM "comments" WHERE ("comments"."id" = 2) [0m
  [4;36;1mComment Update (0.000125)[0m   [0;1mUPDATE "comments" SET "lft" = CASE WHEN "lft" BETWEEN 2 AND 2 THEN "lft" + 4 - 2 WHEN "lft" BETWEEN 3 AND 4 THEN "lft" + 2 - 3 ELSE "lft" END, "rgt" = CASE WHEN "rgt" BETWEEN 2 AND 2 THEN "rgt" + 4 - 2 WHEN "rgt" BETWEEN 3 AND 4 THEN "rgt" + 2 - 3 ELSE "rgt" END, "parent_id" = CASE WHEN id = 2 THEN 1 ELSE "parent_id" END WHERE ("comments"."commentable_id" = 0 AND "comments"."commentable_type" = '') [0m
  [4;35;1mComment Load (0.000096)[0m   [0mSELECT "lft", "rgt", "parent_id" FROM "comments" WHERE ("comments"."id" = 1) [0m
  [4;36;1mComment Load (0.000104)[0m   [0;1mSELECT "lft", "rgt", "parent_id" FROM "comments" WHERE ("comments"."id" = 2) [0m
  [4;35;1mComment Load (0.000212)[0m   [0mSELECT * FROM "comments" WHERE ("comments"."id" = 1) AND ("comments"."commentable_id" = 0 AND "comments"."commentable_type" = '') ORDER BY "lft" LIMIT 1[0m
  [4;36;1mComment Load (0.000840)[0m   [0;1mSELECT * FROM "comments" WHERE (("comments"."parent_id" = 1) AND ("comments"."commentable_id" = 0 AND "comments"."commentable_type" = '')) ORDER BY "lft"[0m
  [4;35;1mUser Create (0.000069)[0m   [0mINSERT INTO "users" ("updated_at", "created_at") VALUES('2008-11-16 11:49:12', '2008-11-16 11:49:12')[0m
  [4;36;1mSQL (0.000110)[0m   [0;1mSELECT max("comments".rgt) AS max_rgt FROM "comments" WHERE ("comments"."commentable_id" = 0 AND "comments"."commentable_type" = '') [0m
  [4;35;1mComment Create (0.000085)[0m   [0mINSERT INTO "comments" ("commentable_type", "updated_at", "title", "body", "lft", "commentable_id", "subject", "user_id", "parent_id", "rgt", "created_at") VALUES('', '2008-11-16 11:49:12', '', 'Root comment', 5, 0, '', 2, NULL, 6, '2008-11-16 11:49:12')[0m
  [4;36;1mSQL (0.000108)[0m   [0;1mSELECT max("comments".rgt) AS max_rgt FROM "comments" WHERE ("comments"."commentable_id" = 0 AND "comments"."commentable_type" = '') [0m
  [4;35;1mComment Create (0.000078)[0m   [0mINSERT INTO "comments" ("commentable_type", "updated_at", "title", "body", "lft", "commentable_id", "subject", "user_id", "parent_id", "rgt", "created_at") VALUES('', '2008-11-16 11:49:12', '', 'A comment', 7, 0, '', 2, NULL, 8, '2008-11-16 11:49:12')[0m
  [4;36;1mComment Load (0.000104)[0m   [0;1mSELECT "lft", "rgt", "parent_id" FROM "comments" WHERE ("comments"."id" = 3) [0m
  [4;35;1mComment Load (0.000095)[0m   [0mSELECT "lft", "rgt", "parent_id" FROM "comments" WHERE ("comments"."id" = 4) [0m
  [4;36;1mComment Update (0.000138)[0m   [0;1mUPDATE "comments" SET "lft" = CASE WHEN "lft" BETWEEN 6 AND 6 THEN "lft" + 8 - 6 WHEN "lft" BETWEEN 7 AND 8 THEN "lft" + 6 - 7 ELSE "lft" END, "rgt" = CASE WHEN "rgt" BETWEEN 6 AND 6 THEN "rgt" + 8 - 6 WHEN "rgt" BETWEEN 7 AND 8 THEN "rgt" + 6 - 7 ELSE "rgt" END, "parent_id" = CASE WHEN id = 4 THEN 3 ELSE "parent_id" END WHERE ("comments"."commentable_id" = 0 AND "comments"."commentable_type" = '') [0m
  [4;35;1mComment Load (0.000106)[0m   [0mSELECT "lft", "rgt", "parent_id" FROM "comments" WHERE ("comments"."id" = 3) [0m
  [4;36;1mComment Load (0.000100)[0m   [0;1mSELECT "lft", "rgt", "parent_id" FROM "comments" WHERE ("comments"."id" = 4) [0m
  [4;35;1mUser Load (0.000107)[0m   [0mSELECT * FROM "users" WHERE ("users"."id" = 2) [0m
  [4;36;1mSQL (0.000215)[0m   [0;1mselect sqlite_version(*)[0m
  [4;35;1mSQL (0.000164)[0m   [0m SELECT name
 FROM sqlite_master
 WHERE type = 'table' AND NOT name = 'sqlite_sequence'
[0m
  [4;36;1mSQL (0.000323)[0m   [0;1mCREATE TABLE "users" ("id" INTEGER PRIMARY KEY AUTOINCREMENT NOT NULL, "created_at" datetime, "updated_at" datetime) [0m
  [4;35;1mSQL (0.000106)[0m   [0m SELECT name
 FROM sqlite_master
 WHERE type = 'table' AND NOT name = 'sqlite_sequence'
[0m
  [4;36;1mSQL (0.000148)[0m   [0;1mCREATE TABLE "commentables" ("id" INTEGER PRIMARY KEY AUTOINCREMENT NOT NULL, "created_at" datetime, "updated_at" datetime) [0m
  [4;35;1mSQL (0.000120)[0m   [0m SELECT name
 FROM sqlite_master
 WHERE type = 'table' AND NOT name = 'sqlite_sequence'
[0m
  [4;36;1mSQL (0.000195)[0m   [0;1mCREATE TABLE "comments" ("id" INTEGER PRIMARY KEY AUTOINCREMENT NOT NULL, "commentable_id" integer DEFAULT 0, "commentable_type" varchar(15) DEFAULT '', "title" varchar(255) DEFAULT '', "body" text DEFAULT '', "subject" varchar(255) DEFAULT '', "user_id" integer DEFAULT 0 NOT NULL, "parent_id" integer, "lft" integer, "rgt" integer, "created_at" datetime, "updated_at" datetime) [0m
  [4;35;1mSQL (0.000158)[0m   [0mCREATE INDEX "index_comments_on_user_id" ON "comments" ("user_id")[0m
  [4;36;1mSQL (0.000128)[0m   [0;1mCREATE INDEX "index_comments_on_commentable_id" ON "comments" ("commentable_id")[0m
  [4;35;1mSQL (0.000134)[0m   [0m SELECT name
 FROM sqlite_master
 WHERE type = 'table' AND NOT name = 'sqlite_sequence'
[0m
  [4;36;1mSQL (0.000126)[0m   [0;1mCREATE TABLE "schema_migrations" ("version" varchar(255) NOT NULL) [0m
  [4;35;1mSQL (0.000146)[0m   [0mCREATE UNIQUE INDEX "unique_schema_migrations" ON "schema_migrations" ("version")[0m
  [4;36;1mSQL (0.000159)[0m   [0;1m SELECT name
 FROM sqlite_master
 WHERE type = 'table' AND NOT name = 'sqlite_sequence'
[0m
  [4;35;1mSQL (0.000058)[0m   [0mSELECT version FROM "schema_migrations"[0m
  [4;36;1mSQL (0.000058)[0m   [0;1mINSERT INTO "schema_migrations" (version) VALUES ('0')[0m
  [4;35;1mUser Create (0.000072)[0m   [0mINSERT INTO "users" ("updated_at", "created_at") VALUES('2008-11-16 11:50:54', '2008-11-16 11:50:54')[0m
  [4;36;1mSQL (0.000147)[0m   [0;1mSELECT max("comments".rgt) AS max_rgt FROM "comments" WHERE ("comments"."commentable_id" = 0 AND "comments"."commentable_type" = '') [0m
  [4;35;1mComment Create (0.000077)[0m   [0mINSERT INTO "comments" ("commentable_type", "updated_at", "title", "body", "lft", "commentable_id", "subject", "user_id", "parent_id", "rgt", "created_at") VALUES('', '2008-11-16 11:50:54', '', 'Root comment', 1, 0, '', 1, NULL, 2, '2008-11-16 11:50:54')[0m
  [4;36;1mSQL (0.000101)[0m   [0;1mSELECT max("comments".rgt) AS max_rgt FROM "comments" WHERE ("comments"."commentable_id" = 0 AND "comments"."commentable_type" = '') [0m
  [4;35;1mComment Create (0.000082)[0m   [0mINSERT INTO "comments" ("commentable_type", "updated_at", "title", "body", "lft", "commentable_id", "subject", "user_id", "parent_id", "rgt", "created_at") VALUES('', '2008-11-16 11:50:54', '', 'A comment', 3, 0, '', 1, NULL, 4, '2008-11-16 11:50:54')[0m
  [4;36;1mComment Load (0.000097)[0m   [0;1mSELECT "lft", "rgt", "parent_id" FROM "comments" WHERE ("comments"."id" = 1) [0m
  [4;35;1mComment Load (0.000099)[0m   [0mSELECT "lft", "rgt", "parent_id" FROM "comments" WHERE ("comments"."id" = 2) [0m
  [4;36;1mComment Update (0.000126)[0m   [0;1mUPDATE "comments" SET "lft" = CASE WHEN "lft" BETWEEN 2 AND 2 THEN "lft" + 4 - 2 WHEN "lft" BETWEEN 3 AND 4 THEN "lft" + 2 - 3 ELSE "lft" END, "rgt" = CASE WHEN "rgt" BETWEEN 2 AND 2 THEN "rgt" + 4 - 2 WHEN "rgt" BETWEEN 3 AND 4 THEN "rgt" + 2 - 3 ELSE "rgt" END, "parent_id" = CASE WHEN id = 2 THEN 1 ELSE "parent_id" END WHERE ("comments"."commentable_id" = 0 AND "comments"."commentable_type" = '') [0m
  [4;35;1mComment Load (0.000094)[0m   [0mSELECT "lft", "rgt", "parent_id" FROM "comments" WHERE ("comments"."id" = 1) [0m
  [4;36;1mComment Load (0.000110)[0m   [0;1mSELECT "lft", "rgt", "parent_id" FROM "comments" WHERE ("comments"."id" = 2) [0m
  [4;35;1mComment Load (0.000205)[0m   [0mSELECT * FROM "comments" WHERE ("comments"."id" = 1) AND ("comments"."commentable_id" = 0 AND "comments"."commentable_type" = '') ORDER BY "lft" LIMIT 1[0m
  [4;36;1mComment Load (0.000885)[0m   [0;1mSELECT * FROM "comments" WHERE (("comments"."parent_id" = 1) AND ("comments"."commentable_id" = 0 AND "comments"."commentable_type" = '')) ORDER BY "lft"[0m
  [4;35;1mUser Create (0.000108)[0m   [0mINSERT INTO "users" ("updated_at", "created_at") VALUES('2008-11-16 11:50:54', '2008-11-16 11:50:54')[0m
  [4;36;1mSQL (0.000121)[0m   [0;1mSELECT max("comments".rgt) AS max_rgt FROM "comments" WHERE ("comments"."commentable_id" = 0 AND "comments"."commentable_type" = '') [0m
  [4;35;1mComment Create (0.000079)[0m   [0mINSERT INTO "comments" ("commentable_type", "updated_at", "title", "body", "lft", "commentable_id", "subject", "user_id", "parent_id", "rgt", "created_at") VALUES('', '2008-11-16 11:50:54', '', 'Root comment', 5, 0, '', 2, NULL, 6, '2008-11-16 11:50:54')[0m
  [4;36;1mSQL (0.000099)[0m   [0;1mSELECT max("comments".rgt) AS max_rgt FROM "comments" WHERE ("comments"."commentable_id" = 0 AND "comments"."commentable_type" = '') [0m
  [4;35;1mComment Create (0.000108)[0m   [0mINSERT INTO "comments" ("commentable_type", "updated_at", "title", "body", "lft", "commentable_id", "subject", "user_id", "parent_id", "rgt", "created_at") VALUES('', '2008-11-16 11:50:54', '', 'A comment', 7, 0, '', 2, NULL, 8, '2008-11-16 11:50:54')[0m
  [4;36;1mComment Load (0.000152)[0m   [0;1mSELECT "lft", "rgt", "parent_id" FROM "comments" WHERE ("comments"."id" = 3) [0m
  [4;35;1mComment Load (0.000171)[0m   [0mSELECT "lft", "rgt", "parent_id" FROM "comments" WHERE ("comments"."id" = 4) [0m
  [4;36;1mComment Update (0.000226)[0m   [0;1mUPDATE "comments" SET "lft" = CASE WHEN "lft" BETWEEN 6 AND 6 THEN "lft" + 8 - 6 WHEN "lft" BETWEEN 7 AND 8 THEN "lft" + 6 - 7 ELSE "lft" END, "rgt" = CASE WHEN "rgt" BETWEEN 6 AND 6 THEN "rgt" + 8 - 6 WHEN "rgt" BETWEEN 7 AND 8 THEN "rgt" + 6 - 7 ELSE "rgt" END, "parent_id" = CASE WHEN id = 4 THEN 3 ELSE "parent_id" END WHERE ("comments"."commentable_id" = 0 AND "comments"."commentable_type" = '') [0m
  [4;35;1mComment Load (0.000103)[0m   [0mSELECT "lft", "rgt", "parent_id" FROM "comments" WHERE ("comments"."id" = 3) [0m
  [4;36;1mComment Load (0.000110)[0m   [0;1mSELECT "lft", "rgt", "parent_id" FROM "comments" WHERE ("comments"."id" = 4) [0m
  [4;35;1mUser Load (0.000104)[0m   [0mSELECT * FROM "users" WHERE ("users"."id" = 2) [0m
  [4;36;1mSQL (0.000131)[0m   [0;1mselect sqlite_version(*)[0m
  [4;35;1mSQL (0.000104)[0m   [0m SELECT name
 FROM sqlite_master
 WHERE type = 'table' AND NOT name = 'sqlite_sequence'
[0m
  [4;36;1mSQL (0.000214)[0m   [0;1mCREATE TABLE "users" ("id" INTEGER PRIMARY KEY AUTOINCREMENT NOT NULL, "created_at" datetime, "updated_at" datetime) [0m
  [4;35;1mSQL (0.000080)[0m   [0m SELECT name
 FROM sqlite_master
 WHERE type = 'table' AND NOT name = 'sqlite_sequence'
[0m
  [4;36;1mSQL (0.000109)[0m   [0;1mCREATE TABLE "commentables" ("id" INTEGER PRIMARY KEY AUTOINCREMENT NOT NULL, "created_at" datetime, "updated_at" datetime) [0m
  [4;35;1mSQL (0.000103)[0m   [0m SELECT name
 FROM sqlite_master
 WHERE type = 'table' AND NOT name = 'sqlite_sequence'
[0m
  [4;36;1mSQL (0.000169)[0m   [0;1mCREATE TABLE "comments" ("id" INTEGER PRIMARY KEY AUTOINCREMENT NOT NULL, "commentable_id" integer DEFAULT 0, "commentable_type" varchar(15) DEFAULT '', "title" varchar(255) DEFAULT '', "body" text DEFAULT '', "subject" varchar(255) DEFAULT '', "user_id" integer DEFAULT 0 NOT NULL, "parent_id" integer, "lft" integer, "rgt" integer, "created_at" datetime, "updated_at" datetime) [0m
  [4;35;1mSQL (0.000129)[0m   [0mCREATE INDEX "index_comments_on_user_id" ON "comments" ("user_id")[0m
  [4;36;1mSQL (0.000107)[0m   [0;1mCREATE INDEX "index_comments_on_commentable_id" ON "comments" ("commentable_id")[0m
  [4;35;1mSQL (0.000114)[0m   [0m SELECT name
 FROM sqlite_master
 WHERE type = 'table' AND NOT name = 'sqlite_sequence'
[0m
  [4;36;1mSQL (0.000106)[0m   [0;1mCREATE TABLE "schema_migrations" ("version" varchar(255) NOT NULL) [0m
  [4;35;1mSQL (0.000117)[0m   [0mCREATE UNIQUE INDEX "unique_schema_migrations" ON "schema_migrations" ("version")[0m
  [4;36;1mSQL (0.000131)[0m   [0;1m SELECT name
 FROM sqlite_master
 WHERE type = 'table' AND NOT name = 'sqlite_sequence'
[0m
  [4;35;1mSQL (0.000050)[0m   [0mSELECT version FROM "schema_migrations"[0m
  [4;36;1mSQL (0.000049)[0m   [0;1mINSERT INTO "schema_migrations" (version) VALUES ('0')[0m
  [4;35;1mUser Create (0.000081)[0m   [0mINSERT INTO "users" ("updated_at", "created_at") VALUES('2008-11-16 11:51:11', '2008-11-16 11:51:11')[0m
  [4;36;1mSQL (0.000223)[0m   [0;1mSELECT max("comments".rgt) AS max_rgt FROM "comments" WHERE ("comments"."commentable_id" = 0 AND "comments"."commentable_type" = '') [0m
  [4;35;1mComment Create (0.000117)[0m   [0mINSERT INTO "comments" ("commentable_type", "updated_at", "title", "body", "lft", "commentable_id", "subject", "user_id", "parent_id", "rgt", "created_at") VALUES('', '2008-11-16 11:51:11', '', 'Root comment', 1, 0, '', 1, NULL, 2, '2008-11-16 11:51:11')[0m
  [4;36;1mSQL (0.000151)[0m   [0;1mSELECT max("comments".rgt) AS max_rgt FROM "comments" WHERE ("comments"."commentable_id" = 0 AND "comments"."commentable_type" = '') [0m
  [4;35;1mComment Create (0.000082)[0m   [0mINSERT INTO "comments" ("commentable_type", "updated_at", "title", "body", "lft", "commentable_id", "subject", "user_id", "parent_id", "rgt", "created_at") VALUES('', '2008-11-16 11:51:11', '', 'A comment', 3, 0, '', 1, NULL, 4, '2008-11-16 11:51:11')[0m
  [4;36;1mComment Load (0.000098)[0m   [0;1mSELECT "lft", "rgt", "parent_id" FROM "comments" WHERE ("comments"."id" = 1) [0m
  [4;35;1mComment Load (0.000101)[0m   [0mSELECT "lft", "rgt", "parent_id" FROM "comments" WHERE ("comments"."id" = 2) [0m
  [4;36;1mComment Update (0.000123)[0m   [0;1mUPDATE "comments" SET "lft" = CASE WHEN "lft" BETWEEN 2 AND 2 THEN "lft" + 4 - 2 WHEN "lft" BETWEEN 3 AND 4 THEN "lft" + 2 - 3 ELSE "lft" END, "rgt" = CASE WHEN "rgt" BETWEEN 2 AND 2 THEN "rgt" + 4 - 2 WHEN "rgt" BETWEEN 3 AND 4 THEN "rgt" + 2 - 3 ELSE "rgt" END, "parent_id" = CASE WHEN id = 2 THEN 1 ELSE "parent_id" END WHERE ("comments"."commentable_id" = 0 AND "comments"."commentable_type" = '') [0m
  [4;35;1mComment Load (0.000095)[0m   [0mSELECT "lft", "rgt", "parent_id" FROM "comments" WHERE ("comments"."id" = 1) [0m
  [4;36;1mComment Load (0.000106)[0m   [0;1mSELECT "lft", "rgt", "parent_id" FROM "comments" WHERE ("comments"."id" = 2) [0m
  [4;35;1mComment Load (0.000243)[0m   [0mSELECT * FROM "comments" WHERE ("comments"."id" = 1) AND ("comments"."commentable_id" = 0 AND "comments"."commentable_type" = '') ORDER BY "lft" LIMIT 1[0m
  [4;36;1mComment Load (0.000911)[0m   [0;1mSELECT * FROM "comments" WHERE (("comments"."parent_id" = 1) AND ("comments"."commentable_id" = 0 AND "comments"."commentable_type" = '')) ORDER BY "lft"[0m
  [4;35;1mSQL (0.000103)[0m   [0mSELECT max("comments".rgt) AS max_rgt FROM "comments" WHERE ("comments"."commentable_id" = 0 AND "comments"."commentable_type" = '') [0m
  [4;36;1mComment Create (0.000087)[0m   [0;1mINSERT INTO "comments" ("commentable_type", "updated_at", "title", "body", "lft", "commentable_id", "subject", "user_id", "parent_id", "rgt", "created_at") VALUES('', '2008-11-16 11:51:11', '', 'This is a grandchild', 5, 0, '', 1, NULL, 6, '2008-11-16 11:51:11')[0m
  [4;35;1mComment Load (0.000099)[0m   [0mSELECT "lft", "rgt", "parent_id" FROM "comments" WHERE ("comments"."id" = 2) [0m
  [4;36;1mComment Load (0.000103)[0m   [0;1mSELECT "lft", "rgt", "parent_id" FROM "comments" WHERE ("comments"."id" = 3) [0m
  [4;35;1mComment Update (0.000131)[0m   [0mUPDATE "comments" SET "lft" = CASE WHEN "lft" BETWEEN 3 AND 4 THEN "lft" + 6 - 4 WHEN "lft" BETWEEN 5 AND 6 THEN "lft" + 3 - 5 ELSE "lft" END, "rgt" = CASE WHEN "rgt" BETWEEN 3 AND 4 THEN "rgt" + 6 - 4 WHEN "rgt" BETWEEN 5 AND 6 THEN "rgt" + 3 - 5 ELSE "rgt" END, "parent_id" = CASE WHEN id = 3 THEN 2 ELSE "parent_id" END WHERE ("comments"."commentable_id" = 0 AND "comments"."commentable_type" = '') [0m
  [4;36;1mComment Load (0.000100)[0m   [0;1mSELECT "lft", "rgt", "parent_id" FROM "comments" WHERE ("comments"."id" = 2) [0m
  [4;35;1mComment Load (0.000106)[0m   [0mSELECT "lft", "rgt", "parent_id" FROM "comments" WHERE ("comments"."id" = 3) [0m
  [4;36;1mComment Load (0.000480)[0m   [0;1mSELECT * FROM "comments" WHERE (("comments"."parent_id" = 2) AND ("comments"."commentable_id" = 0 AND "comments"."commentable_type" = '')) ORDER BY "lft"[0m
  [4;35;1mUser Create (0.000070)[0m   [0mINSERT INTO "users" ("updated_at", "created_at") VALUES('2008-11-16 11:51:11', '2008-11-16 11:51:11')[0m
  [4;36;1mSQL (0.000113)[0m   [0;1mSELECT max("comments".rgt) AS max_rgt FROM "comments" WHERE ("comments"."commentable_id" = 0 AND "comments"."commentable_type" = '') [0m
  [4;35;1mComment Create (0.000126)[0m   [0mINSERT INTO "comments" ("commentable_type", "updated_at", "title", "body", "lft", "commentable_id", "subject", "user_id", "parent_id", "rgt", "created_at") VALUES('', '2008-11-16 11:51:11', '', 'Root comment', 7, 0, '', 2, NULL, 8, '2008-11-16 11:51:11')[0m
  [4;36;1mSQL (0.000125)[0m   [0;1mSELECT max("comments".rgt) AS max_rgt FROM "comments" WHERE ("comments"."commentable_id" = 0 AND "comments"."commentable_type" = '') [0m
  [4;35;1mComment Create (0.000080)[0m   [0mINSERT INTO "comments" ("commentable_type", "updated_at", "title", "body", "lft", "commentable_id", "subject", "user_id", "parent_id", "rgt", "created_at") VALUES('', '2008-11-16 11:51:11', '', 'A comment', 9, 0, '', 2, NULL, 10, '2008-11-16 11:51:11')[0m
  [4;36;1mComment Load (0.000114)[0m   [0;1mSELECT "lft", "rgt", "parent_id" FROM "comments" WHERE ("comments"."id" = 4) [0m
  [4;35;1mComment Load (0.000102)[0m   [0mSELECT "lft", "rgt", "parent_id" FROM "comments" WHERE ("comments"."id" = 5) [0m
  [4;36;1mComment Update (0.000152)[0m   [0;1mUPDATE "comments" SET "lft" = CASE WHEN "lft" BETWEEN 8 AND 8 THEN "lft" + 10 - 8 WHEN "lft" BETWEEN 9 AND 10 THEN "lft" + 8 - 9 ELSE "lft" END, "rgt" = CASE WHEN "rgt" BETWEEN 8 AND 8 THEN "rgt" + 10 - 8 WHEN "rgt" BETWEEN 9 AND 10 THEN "rgt" + 8 - 9 ELSE "rgt" END, "parent_id" = CASE WHEN id = 5 THEN 4 ELSE "parent_id" END WHERE ("comments"."commentable_id" = 0 AND "comments"."commentable_type" = '') [0m
  [4;35;1mComment Load (0.000103)[0m   [0mSELECT "lft", "rgt", "parent_id" FROM "comments" WHERE ("comments"."id" = 4) [0m
  [4;36;1mComment Load (0.000102)[0m   [0;1mSELECT "lft", "rgt", "parent_id" FROM "comments" WHERE ("comments"."id" = 5) [0m
  [4;35;1mUser Load (0.000190)[0m   [0mSELECT * FROM "users" WHERE ("users"."id" = 2) [0m
  [4;36;1mSQL (0.000202)[0m   [0;1mselect sqlite_version(*)[0m
  [4;35;1mSQL (0.000103)[0m   [0m SELECT name
 FROM sqlite_master
 WHERE type = 'table' AND NOT name = 'sqlite_sequence'
[0m
  [4;36;1mSQL (0.000218)[0m   [0;1mCREATE TABLE "users" ("id" INTEGER PRIMARY KEY AUTOINCREMENT NOT NULL, "created_at" datetime, "updated_at" datetime) [0m
  [4;35;1mSQL (0.000078)[0m   [0m SELECT name
 FROM sqlite_master
 WHERE type = 'table' AND NOT name = 'sqlite_sequence'
[0m
  [4;36;1mSQL (0.000110)[0m   [0;1mCREATE TABLE "commentables" ("id" INTEGER PRIMARY KEY AUTOINCREMENT NOT NULL, "created_at" datetime, "updated_at" datetime) [0m
  [4;35;1mSQL (0.000102)[0m   [0m SELECT name
 FROM sqlite_master
 WHERE type = 'table' AND NOT name = 'sqlite_sequence'
[0m
  [4;36;1mSQL (0.000163)[0m   [0;1mCREATE TABLE "comments" ("id" INTEGER PRIMARY KEY AUTOINCREMENT NOT NULL, "commentable_id" integer DEFAULT 0, "commentable_type" varchar(15) DEFAULT '', "title" varchar(255) DEFAULT '', "body" text DEFAULT '', "subject" varchar(255) DEFAULT '', "user_id" integer DEFAULT 0 NOT NULL, "parent_id" integer, "lft" integer, "rgt" integer, "created_at" datetime, "updated_at" datetime) [0m
  [4;35;1mSQL (0.000198)[0m   [0mCREATE INDEX "index_comments_on_user_id" ON "comments" ("user_id")[0m
  [4;36;1mSQL (0.000180)[0m   [0;1mCREATE INDEX "index_comments_on_commentable_id" ON "comments" ("commentable_id")[0m
  [4;35;1mSQL (0.000178)[0m   [0m SELECT name
 FROM sqlite_master
 WHERE type = 'table' AND NOT name = 'sqlite_sequence'
[0m
  [4;36;1mSQL (0.000170)[0m   [0;1mCREATE TABLE "schema_migrations" ("version" varchar(255) NOT NULL) [0m
  [4;35;1mSQL (0.000171)[0m   [0mCREATE UNIQUE INDEX "unique_schema_migrations" ON "schema_migrations" ("version")[0m
  [4;36;1mSQL (0.000201)[0m   [0;1m SELECT name
 FROM sqlite_master
 WHERE type = 'table' AND NOT name = 'sqlite_sequence'
[0m
  [4;35;1mSQL (0.000077)[0m   [0mSELECT version FROM "schema_migrations"[0m
  [4;36;1mSQL (0.000077)[0m   [0;1mINSERT INTO "schema_migrations" (version) VALUES ('0')[0m
  [4;35;1mUser Create (0.000094)[0m   [0mINSERT INTO "users" ("updated_at", "created_at") VALUES('2008-11-16 11:54:58', '2008-11-16 11:54:58')[0m
  [4;36;1mSQL (0.000171)[0m   [0;1mSELECT max("comments".rgt) AS max_rgt FROM "comments" WHERE ("comments"."commentable_id" = 0 AND "comments"."commentable_type" = '') [0m
  [4;35;1mComment Create (0.000090)[0m   [0mINSERT INTO "comments" ("commentable_type", "updated_at", "title", "body", "lft", "commentable_id", "subject", "user_id", "parent_id", "rgt", "created_at") VALUES('', '2008-11-16 11:54:58', '', 'Root comment', 1, 0, '', 1, NULL, 2, '2008-11-16 11:54:58')[0m
  [4;36;1mComment Load (0.000785)[0m   [0;1mSELECT * FROM "comments" WHERE (("comments"."parent_id" = 1) AND ("comments"."commentable_id" = 0 AND "comments"."commentable_type" = '')) ORDER BY "lft"[0m
  [4;35;1mSQL (0.000131)[0m   [0mSELECT max("comments".rgt) AS max_rgt FROM "comments" WHERE ("comments"."commentable_id" = 0 AND "comments"."commentable_type" = '') [0m
  [4;36;1mComment Create (0.000095)[0m   [0;1mINSERT INTO "comments" ("commentable_type", "updated_at", "title", "body", "lft", "commentable_id", "subject", "user_id", "parent_id", "rgt", "created_at") VALUES('', '2008-11-16 11:54:58', '', 'This is a grandchild', 3, 0, '', 1, NULL, 4, '2008-11-16 11:54:58')[0m
  [4;35;1mComment Load (0.000119)[0m   [0mSELECT "lft", "rgt", "parent_id" FROM "comments" WHERE ("comments"."id" = 1) [0m
  [4;36;1mComment Load (0.000153)[0m   [0;1mSELECT "lft", "rgt", "parent_id" FROM "comments" WHERE ("comments"."id" = 2) [0m
  [4;35;1mComment Update (0.000164)[0m   [0mUPDATE "comments" SET "lft" = CASE WHEN "lft" BETWEEN 2 AND 2 THEN "lft" + 4 - 2 WHEN "lft" BETWEEN 3 AND 4 THEN "lft" + 2 - 3 ELSE "lft" END, "rgt" = CASE WHEN "rgt" BETWEEN 2 AND 2 THEN "rgt" + 4 - 2 WHEN "rgt" BETWEEN 3 AND 4 THEN "rgt" + 2 - 3 ELSE "rgt" END, "parent_id" = CASE WHEN id = 2 THEN 1 ELSE "parent_id" END WHERE ("comments"."commentable_id" = 0 AND "comments"."commentable_type" = '') [0m
  [4;36;1mComment Load (0.000119)[0m   [0;1mSELECT "lft", "rgt", "parent_id" FROM "comments" WHERE ("comments"."id" = 1) [0m
  [4;35;1mComment Load (0.000121)[0m   [0mSELECT "lft", "rgt", "parent_id" FROM "comments" WHERE ("comments"."id" = 2) [0m
  [4;36;1mComment Load (0.000564)[0m   [0;1mSELECT * FROM "comments" WHERE (("comments"."parent_id" = 1) AND ("comments"."commentable_id" = 0 AND "comments"."commentable_type" = '')) ORDER BY "lft"[0m
  [4;35;1mUser Create (0.000072)[0m   [0mINSERT INTO "users" ("updated_at", "created_at") VALUES('2008-11-16 11:54:58', '2008-11-16 11:54:58')[0m
  [4;36;1mSQL (0.000147)[0m   [0;1mSELECT max("comments".rgt) AS max_rgt FROM "comments" WHERE ("comments"."commentable_id" = 0 AND "comments"."commentable_type" = '') [0m
  [4;35;1mComment Create (0.000089)[0m   [0mINSERT INTO "comments" ("commentable_type", "updated_at", "title", "body", "lft", "commentable_id", "subject", "user_id", "parent_id", "rgt", "created_at") VALUES('', '2008-11-16 11:54:58', '', 'Root comment', 5, 0, '', 2, NULL, 6, '2008-11-16 11:54:58')[0m
  [4;36;1mUser Create (0.000080)[0m   [0;1mINSERT INTO "users" ("updated_at", "created_at") VALUES('2008-11-16 11:54:58', '2008-11-16 11:54:58')[0m
  [4;35;1mSQL (0.000125)[0m   [0mSELECT max("comments".rgt) AS max_rgt FROM "comments" WHERE ("comments"."commentable_id" = 0 AND "comments"."commentable_type" = '') [0m
  [4;36;1mComment Create (0.000086)[0m   [0;1mINSERT INTO "comments" ("commentable_type", "updated_at", "title", "body", "lft", "commentable_id", "subject", "user_id", "parent_id", "rgt", "created_at") VALUES('', '2008-11-16 11:54:58', '', 'Root comment', 7, 0, '', 3, NULL, 8, '2008-11-16 11:54:58')[0m
  [4;35;1mSQL (0.041262)[0m   [0mSELECT max("comments".rgt) AS max_rgt FROM "comments" WHERE ("comments"."commentable_id" = 0 AND "comments"."commentable_type" = '') [0m
  [4;36;1mComment Create (0.000113)[0m   [0;1mINSERT INTO "comments" ("commentable_type", "updated_at", "title", "body", "lft", "commentable_id", "subject", "user_id", "parent_id", "rgt", "created_at") VALUES('', '2008-11-16 11:54:58', '', 'Child comment', 9, 0, '', 3, NULL, 10, '2008-11-16 11:54:58')[0m
  [4;35;1mComment Load (0.000111)[0m   [0mSELECT "lft", "rgt", "parent_id" FROM "comments" WHERE ("comments"."id" = 4) [0m
  [4;36;1mComment Load (0.000096)[0m   [0;1mSELECT "lft", "rgt", "parent_id" FROM "comments" WHERE ("comments"."id" = 5) [0m
  [4;35;1mComment Update (0.000140)[0m   [0mUPDATE "comments" SET "lft" = CASE WHEN "lft" BETWEEN 8 AND 8 THEN "lft" + 10 - 8 WHEN "lft" BETWEEN 9 AND 10 THEN "lft" + 8 - 9 ELSE "lft" END, "rgt" = CASE WHEN "rgt" BETWEEN 8 AND 8 THEN "rgt" + 10 - 8 WHEN "rgt" BETWEEN 9 AND 10 THEN "rgt" + 8 - 9 ELSE "rgt" END, "parent_id" = CASE WHEN id = 5 THEN 4 ELSE "parent_id" END WHERE ("comments"."commentable_id" = 0 AND "comments"."commentable_type" = '') [0m
  [4;36;1mComment Load (0.000096)[0m   [0;1mSELECT "lft", "rgt", "parent_id" FROM "comments" WHERE ("comments"."id" = 4) [0m
  [4;35;1mComment Load (0.000098)[0m   [0mSELECT "lft", "rgt", "parent_id" FROM "comments" WHERE ("comments"."id" = 5) [0m
  [4;36;1mComment Load (0.000209)[0m   [0;1mSELECT * FROM "comments" WHERE ("comments"."id" = 4) AND ("comments"."commentable_id" = 0 AND "comments"."commentable_type" = '') ORDER BY "lft" LIMIT 1[0m
  [4;35;1mSQL (0.000108)[0m   [0mSELECT max("comments".rgt) AS max_rgt FROM "comments" WHERE ("comments"."commentable_id" = 0 AND "comments"."commentable_type" = '') [0m
  [4;36;1mComment Create (0.000081)[0m   [0;1mINSERT INTO "comments" ("commentable_type", "updated_at", "title", "body", "lft", "commentable_id", "subject", "user_id", "parent_id", "rgt", "created_at") VALUES('', '2008-11-16 11:54:58', '', 'Child comment', 11, 0, '', 3, NULL, 12, '2008-11-16 11:54:58')[0m
  [4;35;1mComment Load (0.000098)[0m   [0mSELECT "lft", "rgt", "parent_id" FROM "comments" WHERE ("comments"."id" = 4) [0m
  [4;36;1mComment Load (0.000153)[0m   [0;1mSELECT "lft", "rgt", "parent_id" FROM "comments" WHERE ("comments"."id" = 6) [0m
  [4;35;1mComment Update (0.000220)[0m   [0mUPDATE "comments" SET "lft" = CASE WHEN "lft" BETWEEN 10 AND 10 THEN "lft" + 12 - 10 WHEN "lft" BETWEEN 11 AND 12 THEN "lft" + 10 - 11 ELSE "lft" END, "rgt" = CASE WHEN "rgt" BETWEEN 10 AND 10 THEN "rgt" + 12 - 10 WHEN "rgt" BETWEEN 11 AND 12 THEN "rgt" + 10 - 11 ELSE "rgt" END, "parent_id" = CASE WHEN id = 6 THEN 4 ELSE "parent_id" END WHERE ("comments"."commentable_id" = 0 AND "comments"."commentable_type" = '') [0m
  [4;36;1mComment Load (0.000156)[0m   [0;1mSELECT "lft", "rgt", "parent_id" FROM "comments" WHERE ("comments"."id" = 4) [0m
  [4;35;1mComment Load (0.000157)[0m   [0mSELECT "lft", "rgt", "parent_id" FROM "comments" WHERE ("comments"."id" = 6) [0m
  [4;36;1mComment Load (0.000875)[0m   [0;1mSELECT * FROM "comments" WHERE (("comments"."parent_id" = 4) AND ("comments"."commentable_id" = 0 AND "comments"."commentable_type" = '')) ORDER BY "lft" LIMIT 1[0m
  [4;36;1mSQL (0.000144)[0m   [0;1mselect sqlite_version(*)[0m
  [4;35;1mSQL (0.000119)[0m   [0m SELECT name
 FROM sqlite_master
 WHERE type = 'table' AND NOT name = 'sqlite_sequence'
[0m
  [4;36;1mSQL (0.000260)[0m   [0;1mCREATE TABLE "users" ("id" INTEGER PRIMARY KEY AUTOINCREMENT NOT NULL, "created_at" datetime, "updated_at" datetime) [0m
  [4;35;1mSQL (0.000092)[0m   [0m SELECT name
 FROM sqlite_master
 WHERE type = 'table' AND NOT name = 'sqlite_sequence'
[0m
  [4;36;1mSQL (0.000130)[0m   [0;1mCREATE TABLE "commentables" ("id" INTEGER PRIMARY KEY AUTOINCREMENT NOT NULL, "created_at" datetime, "updated_at" datetime) [0m
  [4;35;1mSQL (0.000124)[0m   [0m SELECT name
 FROM sqlite_master
 WHERE type = 'table' AND NOT name = 'sqlite_sequence'
[0m
  [4;36;1mSQL (0.000193)[0m   [0;1mCREATE TABLE "comments" ("id" INTEGER PRIMARY KEY AUTOINCREMENT NOT NULL, "commentable_id" integer DEFAULT 0, "commentable_type" varchar(15) DEFAULT '', "title" varchar(255) DEFAULT '', "body" text DEFAULT '', "subject" varchar(255) DEFAULT '', "user_id" integer DEFAULT 0 NOT NULL, "parent_id" integer, "lft" integer, "rgt" integer, "created_at" datetime, "updated_at" datetime) [0m
  [4;35;1mSQL (0.000150)[0m   [0mCREATE INDEX "index_comments_on_user_id" ON "comments" ("user_id")[0m
  [4;36;1mSQL (0.000136)[0m   [0;1mCREATE INDEX "index_comments_on_commentable_id" ON "comments" ("commentable_id")[0m
  [4;35;1mSQL (0.000174)[0m   [0m SELECT name
 FROM sqlite_master
 WHERE type = 'table' AND NOT name = 'sqlite_sequence'
[0m
  [4;36;1mSQL (0.000130)[0m   [0;1mCREATE TABLE "schema_migrations" ("version" varchar(255) NOT NULL) [0m
  [4;35;1mSQL (0.000131)[0m   [0mCREATE UNIQUE INDEX "unique_schema_migrations" ON "schema_migrations" ("version")[0m
  [4;36;1mSQL (0.000151)[0m   [0;1m SELECT name
 FROM sqlite_master
 WHERE type = 'table' AND NOT name = 'sqlite_sequence'
[0m
  [4;35;1mSQL (0.000059)[0m   [0mSELECT version FROM "schema_migrations"[0m
  [4;36;1mSQL (0.000059)[0m   [0;1mINSERT INTO "schema_migrations" (version) VALUES ('0')[0m
  [4;35;1mUser Create (0.000081)[0m   [0mINSERT INTO "users" ("updated_at", "created_at") VALUES('2008-11-16 11:55:27', '2008-11-16 11:55:27')[0m
  [4;36;1mSQL (0.000172)[0m   [0;1mSELECT max("comments".rgt) AS max_rgt FROM "comments" WHERE ("comments"."commentable_id" = 0 AND "comments"."commentable_type" = '') [0m
  [4;35;1mComment Create (0.000079)[0m   [0mINSERT INTO "comments" ("commentable_type", "updated_at", "title", "body", "lft", "commentable_id", "subject", "user_id", "parent_id", "rgt", "created_at") VALUES('', '2008-11-16 11:55:27', '', 'Root comment', 1, 0, '', 1, NULL, 2, '2008-11-16 11:55:27')[0m
  [4;36;1mComment Load (0.000717)[0m   [0;1mSELECT * FROM "comments" WHERE (("comments"."parent_id" = 1) AND ("comments"."commentable_id" = 0 AND "comments"."commentable_type" = '')) ORDER BY "lft"[0m
  [4;35;1mSQL (0.000119)[0m   [0mSELECT max("comments".rgt) AS max_rgt FROM "comments" WHERE ("comments"."commentable_id" = 0 AND "comments"."commentable_type" = '') [0m
  [4;36;1mComment Create (0.000079)[0m   [0;1mINSERT INTO "comments" ("commentable_type", "updated_at", "title", "body", "lft", "commentable_id", "subject", "user_id", "parent_id", "rgt", "created_at") VALUES('', '2008-11-16 11:55:27', '', 'This is a grandchild', 3, 0, '', 1, NULL, 4, '2008-11-16 11:55:27')[0m
  [4;35;1mComment Load (0.000106)[0m   [0mSELECT "lft", "rgt", "parent_id" FROM "comments" WHERE ("comments"."id" = 1) [0m
  [4;36;1mComment Load (0.000099)[0m   [0;1mSELECT "lft", "rgt", "parent_id" FROM "comments" WHERE ("comments"."id" = 2) [0m
  [4;35;1mComment Update (0.000134)[0m   [0mUPDATE "comments" SET "lft" = CASE WHEN "lft" BETWEEN 2 AND 2 THEN "lft" + 4 - 2 WHEN "lft" BETWEEN 3 AND 4 THEN "lft" + 2 - 3 ELSE "lft" END, "rgt" = CASE WHEN "rgt" BETWEEN 2 AND 2 THEN "rgt" + 4 - 2 WHEN "rgt" BETWEEN 3 AND 4 THEN "rgt" + 2 - 3 ELSE "rgt" END, "parent_id" = CASE WHEN id = 2 THEN 1 ELSE "parent_id" END WHERE ("comments"."commentable_id" = 0 AND "comments"."commentable_type" = '') [0m
  [4;36;1mComment Load (0.000101)[0m   [0;1mSELECT "lft", "rgt", "parent_id" FROM "comments" WHERE ("comments"."id" = 1) [0m
  [4;35;1mComment Load (0.000101)[0m   [0mSELECT "lft", "rgt", "parent_id" FROM "comments" WHERE ("comments"."id" = 2) [0m
  [4;36;1mComment Load (0.000497)[0m   [0;1mSELECT * FROM "comments" WHERE (("comments"."parent_id" = 1) AND ("comments"."commentable_id" = 0 AND "comments"."commentable_type" = '')) ORDER BY "lft"[0m
  [4;35;1mUser Create (0.000059)[0m   [0mINSERT INTO "users" ("updated_at", "created_at") VALUES('2008-11-16 11:55:27', '2008-11-16 11:55:27')[0m
  [4;36;1mSQL (0.000115)[0m   [0;1mSELECT max("comments".rgt) AS max_rgt FROM "comments" WHERE ("comments"."commentable_id" = 0 AND "comments"."commentable_type" = '') [0m
  [4;35;1mComment Create (0.000655)[0m   [0mINSERT INTO "comments" ("commentable_type", "updated_at", "title", "body", "lft", "commentable_id", "subject", "user_id", "parent_id", "rgt", "created_at") VALUES('', '2008-11-16 11:55:27', '', 'Root comment', 5, 0, '', 2, NULL, 6, '2008-11-16 11:55:27')[0m
  [4;36;1mUser Create (0.000119)[0m   [0;1mINSERT INTO "users" ("updated_at", "created_at") VALUES('2008-11-16 11:55:27', '2008-11-16 11:55:27')[0m
  [4;35;1mSQL (0.000208)[0m   [0mSELECT max("comments".rgt) AS max_rgt FROM "comments" WHERE ("comments"."commentable_id" = 0 AND "comments"."commentable_type" = '') [0m
  [4;36;1mComment Create (0.000088)[0m   [0;1mINSERT INTO "comments" ("commentable_type", "updated_at", "title", "body", "lft", "commentable_id", "subject", "user_id", "parent_id", "rgt", "created_at") VALUES('', '2008-11-16 11:55:27', '', 'Root comment', 7, 0, '', 3, NULL, 8, '2008-11-16 11:55:27')[0m
  [4;35;1mSQL (0.041873)[0m   [0mSELECT max("comments".rgt) AS max_rgt FROM "comments" WHERE ("comments"."commentable_id" = 0 AND "comments"."commentable_type" = '') [0m
  [4;36;1mComment Create (0.000153)[0m   [0;1mINSERT INTO "comments" ("commentable_type", "updated_at", "title", "body", "lft", "commentable_id", "subject", "user_id", "parent_id", "rgt", "created_at") VALUES('', '2008-11-16 11:55:27', '', 'Child comment', 9, 0, '', 3, NULL, 10, '2008-11-16 11:55:27')[0m
  [4;35;1mComment Load (0.000151)[0m   [0mSELECT "lft", "rgt", "parent_id" FROM "comments" WHERE ("comments"."id" = 4) [0m
  [4;36;1mComment Load (0.000130)[0m   [0;1mSELECT "lft", "rgt", "parent_id" FROM "comments" WHERE ("comments"."id" = 5) [0m
  [4;35;1mComment Update (0.000163)[0m   [0mUPDATE "comments" SET "lft" = CASE WHEN "lft" BETWEEN 8 AND 8 THEN "lft" + 10 - 8 WHEN "lft" BETWEEN 9 AND 10 THEN "lft" + 8 - 9 ELSE "lft" END, "rgt" = CASE WHEN "rgt" BETWEEN 8 AND 8 THEN "rgt" + 10 - 8 WHEN "rgt" BETWEEN 9 AND 10 THEN "rgt" + 8 - 9 ELSE "rgt" END, "parent_id" = CASE WHEN id = 5 THEN 4 ELSE "parent_id" END WHERE ("comments"."commentable_id" = 0 AND "comments"."commentable_type" = '') [0m
  [4;36;1mComment Load (0.000120)[0m   [0;1mSELECT "lft", "rgt", "parent_id" FROM "comments" WHERE ("comments"."id" = 4) [0m
  [4;35;1mComment Load (0.000117)[0m   [0mSELECT "lft", "rgt", "parent_id" FROM "comments" WHERE ("comments"."id" = 5) [0m
  [4;36;1mComment Load (0.000246)[0m   [0;1mSELECT * FROM "comments" WHERE ("comments"."id" = 4) AND ("comments"."commentable_id" = 0 AND "comments"."commentable_type" = '') ORDER BY "lft" LIMIT 1[0m
  [4;35;1mSQL (0.000137)[0m   [0mSELECT max("comments".rgt) AS max_rgt FROM "comments" WHERE ("comments"."commentable_id" = 0 AND "comments"."commentable_type" = '') [0m
  [4;36;1mComment Create (0.000099)[0m   [0;1mINSERT INTO "comments" ("commentable_type", "updated_at", "title", "body", "lft", "commentable_id", "subject", "user_id", "parent_id", "rgt", "created_at") VALUES('', '2008-11-16 11:55:28', '', 'Child comment', 11, 0, '', 3, NULL, 12, '2008-11-16 11:55:28')[0m
  [4;35;1mComment Load (0.000118)[0m   [0mSELECT "lft", "rgt", "parent_id" FROM "comments" WHERE ("comments"."id" = 4) [0m
  [4;36;1mComment Load (0.000116)[0m   [0;1mSELECT "lft", "rgt", "parent_id" FROM "comments" WHERE ("comments"."id" = 6) [0m
  [4;35;1mComment Update (0.000169)[0m   [0mUPDATE "comments" SET "lft" = CASE WHEN "lft" BETWEEN 10 AND 10 THEN "lft" + 12 - 10 WHEN "lft" BETWEEN 11 AND 12 THEN "lft" + 10 - 11 ELSE "lft" END, "rgt" = CASE WHEN "rgt" BETWEEN 10 AND 10 THEN "rgt" + 12 - 10 WHEN "rgt" BETWEEN 11 AND 12 THEN "rgt" + 10 - 11 ELSE "rgt" END, "parent_id" = CASE WHEN id = 6 THEN 4 ELSE "parent_id" END WHERE ("comments"."commentable_id" = 0 AND "comments"."commentable_type" = '') [0m
  [4;36;1mComment Load (0.000117)[0m   [0;1mSELECT "lft", "rgt", "parent_id" FROM "comments" WHERE ("comments"."id" = 4) [0m
  [4;35;1mComment Load (0.000118)[0m   [0mSELECT "lft", "rgt", "parent_id" FROM "comments" WHERE ("comments"."id" = 6) [0m
  [4;36;1mComment Load (0.000712)[0m   [0;1mSELECT * FROM "comments" WHERE (("comments"."parent_id" = 4) AND ("comments"."commentable_id" = 0 AND "comments"."commentable_type" = '')) ORDER BY "lft" LIMIT 1[0m
  [4;36;1mSQL (0.000125)[0m   [0;1mselect sqlite_version(*)[0m
  [4;35;1mSQL (0.000103)[0m   [0m SELECT name
 FROM sqlite_master
 WHERE type = 'table' AND NOT name = 'sqlite_sequence'
[0m
  [4;36;1mSQL (0.000224)[0m   [0;1mCREATE TABLE "users" ("id" INTEGER PRIMARY KEY AUTOINCREMENT NOT NULL, "created_at" datetime, "updated_at" datetime) [0m
  [4;35;1mSQL (0.000095)[0m   [0m SELECT name
 FROM sqlite_master
 WHERE type = 'table' AND NOT name = 'sqlite_sequence'
[0m
  [4;36;1mSQL (0.000114)[0m   [0;1mCREATE TABLE "commentables" ("id" INTEGER PRIMARY KEY AUTOINCREMENT NOT NULL, "created_at" datetime, "updated_at" datetime) [0m
  [4;35;1mSQL (0.000102)[0m   [0m SELECT name
 FROM sqlite_master
 WHERE type = 'table' AND NOT name = 'sqlite_sequence'
[0m
  [4;36;1mSQL (0.000165)[0m   [0;1mCREATE TABLE "comments" ("id" INTEGER PRIMARY KEY AUTOINCREMENT NOT NULL, "commentable_id" integer DEFAULT 0, "commentable_type" varchar(15) DEFAULT '', "title" varchar(255) DEFAULT '', "body" text DEFAULT '', "subject" varchar(255) DEFAULT '', "user_id" integer DEFAULT 0 NOT NULL, "parent_id" integer, "lft" integer, "rgt" integer, "created_at" datetime, "updated_at" datetime) [0m
  [4;35;1mSQL (0.000129)[0m   [0mCREATE INDEX "index_comments_on_user_id" ON "comments" ("user_id")[0m
  [4;36;1mSQL (0.000116)[0m   [0;1mCREATE INDEX "index_comments_on_commentable_id" ON "comments" ("commentable_id")[0m
  [4;35;1mSQL (0.000114)[0m   [0m SELECT name
 FROM sqlite_master
 WHERE type = 'table' AND NOT name = 'sqlite_sequence'
[0m
  [4;36;1mSQL (0.000108)[0m   [0;1mCREATE TABLE "schema_migrations" ("version" varchar(255) NOT NULL) [0m
  [4;35;1mSQL (0.000147)[0m   [0mCREATE UNIQUE INDEX "unique_schema_migrations" ON "schema_migrations" ("version")[0m
  [4;36;1mSQL (0.000251)[0m   [0;1m SELECT name
 FROM sqlite_master
 WHERE type = 'table' AND NOT name = 'sqlite_sequence'
[0m
  [4;35;1mSQL (0.000050)[0m   [0mSELECT version FROM "schema_migrations"[0m
  [4;36;1mSQL (0.000050)[0m   [0;1mINSERT INTO "schema_migrations" (version) VALUES ('0')[0m
  [4;35;1mUser Create (0.000077)[0m   [0mINSERT INTO "users" ("updated_at", "created_at") VALUES('2008-11-16 11:55:42', '2008-11-16 11:55:42')[0m
  [4;36;1mSQL (0.000189)[0m   [0;1mSELECT max("comments".rgt) AS max_rgt FROM "comments" WHERE ("comments"."commentable_id" = 0 AND "comments"."commentable_type" = '') [0m
  [4;35;1mComment Create (0.000081)[0m   [0mINSERT INTO "comments" ("commentable_type", "updated_at", "title", "body", "lft", "commentable_id", "subject", "user_id", "parent_id", "rgt", "created_at") VALUES('', '2008-11-16 11:55:42', '', 'Root comment', 1, 0, '', 1, NULL, 2, '2008-11-16 11:55:42')[0m
  [4;36;1mComment Load (0.000771)[0m   [0;1mSELECT * FROM "comments" WHERE (("comments"."parent_id" = 1) AND ("comments"."commentable_id" = 0 AND "comments"."commentable_type" = '')) ORDER BY "lft"[0m
  [4;35;1mSQL (0.000121)[0m   [0mSELECT max("comments".rgt) AS max_rgt FROM "comments" WHERE ("comments"."commentable_id" = 0 AND "comments"."commentable_type" = '') [0m
  [4;36;1mComment Create (0.000082)[0m   [0;1mINSERT INTO "comments" ("commentable_type", "updated_at", "title", "body", "lft", "commentable_id", "subject", "user_id", "parent_id", "rgt", "created_at") VALUES('', '2008-11-16 11:55:42', '', 'This is a grandchild', 3, 0, '', 1, NULL, 4, '2008-11-16 11:55:42')[0m
  [4;35;1mComment Load (0.000108)[0m   [0mSELECT "lft", "rgt", "parent_id" FROM "comments" WHERE ("comments"."id" = 1) [0m
  [4;36;1mComment Load (0.000101)[0m   [0;1mSELECT "lft", "rgt", "parent_id" FROM "comments" WHERE ("comments"."id" = 2) [0m
  [4;35;1mComment Update (0.000136)[0m   [0mUPDATE "comments" SET "lft" = CASE WHEN "lft" BETWEEN 2 AND 2 THEN "lft" + 4 - 2 WHEN "lft" BETWEEN 3 AND 4 THEN "lft" + 2 - 3 ELSE "lft" END, "rgt" = CASE WHEN "rgt" BETWEEN 2 AND 2 THEN "rgt" + 4 - 2 WHEN "rgt" BETWEEN 3 AND 4 THEN "rgt" + 2 - 3 ELSE "rgt" END, "parent_id" = CASE WHEN id = 2 THEN 1 ELSE "parent_id" END WHERE ("comments"."commentable_id" = 0 AND "comments"."commentable_type" = '') [0m
  [4;36;1mComment Load (0.000104)[0m   [0;1mSELECT "lft", "rgt", "parent_id" FROM "comments" WHERE ("comments"."id" = 1) [0m
  [4;35;1mComment Load (0.000102)[0m   [0mSELECT "lft", "rgt", "parent_id" FROM "comments" WHERE ("comments"."id" = 2) [0m
  [4;36;1mComment Load (0.000578)[0m   [0;1mSELECT * FROM "comments" WHERE (("comments"."parent_id" = 1) AND ("comments"."commentable_id" = 0 AND "comments"."commentable_type" = '')) ORDER BY "lft"[0m
  [4;35;1mUser Create (0.000061)[0m   [0mINSERT INTO "users" ("updated_at", "created_at") VALUES('2008-11-16 11:55:42', '2008-11-16 11:55:42')[0m
  [4;36;1mSQL (0.000113)[0m   [0;1mSELECT max("comments".rgt) AS max_rgt FROM "comments" WHERE ("comments"."commentable_id" = 0 AND "comments"."commentable_type" = '') [0m
  [4;35;1mComment Create (0.000485)[0m   [0mINSERT INTO "comments" ("commentable_type", "updated_at", "title", "body", "lft", "commentable_id", "subject", "user_id", "parent_id", "rgt", "created_at") VALUES('', '2008-11-16 11:55:42', '', 'Root comment', 5, 0, '', 2, NULL, 6, '2008-11-16 11:55:42')[0m
  [4;36;1mUser Create (0.000118)[0m   [0;1mINSERT INTO "users" ("updated_at", "created_at") VALUES('2008-11-16 11:55:42', '2008-11-16 11:55:42')[0m
  [4;35;1mSQL (0.000198)[0m   [0mSELECT max("comments".rgt) AS max_rgt FROM "comments" WHERE ("comments"."commentable_id" = 0 AND "comments"."commentable_type" = '') [0m
  [4;36;1mComment Create (0.000118)[0m   [0;1mINSERT INTO "comments" ("commentable_type", "updated_at", "title", "body", "lft", "commentable_id", "subject", "user_id", "parent_id", "rgt", "created_at") VALUES('', '2008-11-16 11:55:42', '', 'Root comment', 7, 0, '', 3, NULL, 8, '2008-11-16 11:55:42')[0m
  [4;35;1mSQL (0.042653)[0m   [0mSELECT max("comments".rgt) AS max_rgt FROM "comments" WHERE ("comments"."commentable_id" = 0 AND "comments"."commentable_type" = '') [0m
  [4;36;1mComment Create (0.000142)[0m   [0;1mINSERT INTO "comments" ("commentable_type", "updated_at", "title", "body", "lft", "commentable_id", "subject", "user_id", "parent_id", "rgt", "created_at") VALUES('', '2008-11-16 11:55:42', '', 'Child comment', 9, 0, '', 3, NULL, 10, '2008-11-16 11:55:42')[0m
  [4;35;1mComment Load (0.000124)[0m   [0mSELECT "lft", "rgt", "parent_id" FROM "comments" WHERE ("comments"."id" = 4) [0m
  [4;36;1mComment Load (0.000102)[0m   [0;1mSELECT "lft", "rgt", "parent_id" FROM "comments" WHERE ("comments"."id" = 5) [0m
  [4;35;1mComment Update (0.000148)[0m   [0mUPDATE "comments" SET "lft" = CASE WHEN "lft" BETWEEN 8 AND 8 THEN "lft" + 10 - 8 WHEN "lft" BETWEEN 9 AND 10 THEN "lft" + 8 - 9 ELSE "lft" END, "rgt" = CASE WHEN "rgt" BETWEEN 8 AND 8 THEN "rgt" + 10 - 8 WHEN "rgt" BETWEEN 9 AND 10 THEN "rgt" + 8 - 9 ELSE "rgt" END, "parent_id" = CASE WHEN id = 5 THEN 4 ELSE "parent_id" END WHERE ("comments"."commentable_id" = 0 AND "comments"."commentable_type" = '') [0m
  [4;36;1mComment Load (0.000104)[0m   [0;1mSELECT "lft", "rgt", "parent_id" FROM "comments" WHERE ("comments"."id" = 4) [0m
  [4;35;1mComment Load (0.000138)[0m   [0mSELECT "lft", "rgt", "parent_id" FROM "comments" WHERE ("comments"."id" = 5) [0m
  [4;36;1mComment Load (0.000219)[0m   [0;1mSELECT * FROM "comments" WHERE ("comments"."id" = 4) AND ("comments"."commentable_id" = 0 AND "comments"."commentable_type" = '') ORDER BY "lft" LIMIT 1[0m
  [4;35;1mSQL (0.000108)[0m   [0mSELECT max("comments".rgt) AS max_rgt FROM "comments" WHERE ("comments"."commentable_id" = 0 AND "comments"."commentable_type" = '') [0m
  [4;36;1mComment Create (0.000082)[0m   [0;1mINSERT INTO "comments" ("commentable_type", "updated_at", "title", "body", "lft", "commentable_id", "subject", "user_id", "parent_id", "rgt", "created_at") VALUES('', '2008-11-16 11:55:42', '', 'Child comment', 11, 0, '', 3, NULL, 12, '2008-11-16 11:55:42')[0m
  [4;35;1mComment Load (0.000099)[0m   [0mSELECT "lft", "rgt", "parent_id" FROM "comments" WHERE ("comments"."id" = 4) [0m
  [4;36;1mComment Load (0.000099)[0m   [0;1mSELECT "lft", "rgt", "parent_id" FROM "comments" WHERE ("comments"."id" = 6) [0m
  [4;35;1mComment Update (0.000173)[0m   [0mUPDATE "comments" SET "lft" = CASE WHEN "lft" BETWEEN 10 AND 10 THEN "lft" + 12 - 10 WHEN "lft" BETWEEN 11 AND 12 THEN "lft" + 10 - 11 ELSE "lft" END, "rgt" = CASE WHEN "rgt" BETWEEN 10 AND 10 THEN "rgt" + 12 - 10 WHEN "rgt" BETWEEN 11 AND 12 THEN "rgt" + 10 - 11 ELSE "rgt" END, "parent_id" = CASE WHEN id = 6 THEN 4 ELSE "parent_id" END WHERE ("comments"."commentable_id" = 0 AND "comments"."commentable_type" = '') [0m
  [4;36;1mComment Load (0.000101)[0m   [0;1mSELECT "lft", "rgt", "parent_id" FROM "comments" WHERE ("comments"."id" = 4) [0m
  [4;35;1mComment Load (0.000107)[0m   [0mSELECT "lft", "rgt", "parent_id" FROM "comments" WHERE ("comments"."id" = 6) [0m
  [4;36;1mComment Load (0.000572)[0m   [0;1mSELECT * FROM "comments" WHERE (("comments"."parent_id" = 4) AND ("comments"."commentable_id" = 0 AND "comments"."commentable_type" = '')) ORDER BY "lft" LIMIT 1[0m
  [4;36;1mSQL (0.000148)[0m   [0;1mselect sqlite_version(*)[0m
  [4;35;1mSQL (0.000126)[0m   [0m SELECT name
 FROM sqlite_master
 WHERE type = 'table' AND NOT name = 'sqlite_sequence'
[0m
  [4;36;1mSQL (0.000241)[0m   [0;1mCREATE TABLE "users" ("id" INTEGER PRIMARY KEY AUTOINCREMENT NOT NULL, "created_at" datetime, "updated_at" datetime) [0m
  [4;35;1mSQL (0.000085)[0m   [0m SELECT name
 FROM sqlite_master
 WHERE type = 'table' AND NOT name = 'sqlite_sequence'
[0m
  [4;36;1mSQL (0.000145)[0m   [0;1mCREATE TABLE "commentables" ("id" INTEGER PRIMARY KEY AUTOINCREMENT NOT NULL, "created_at" datetime, "updated_at" datetime) [0m
  [4;35;1mSQL (0.000109)[0m   [0m SELECT name
 FROM sqlite_master
 WHERE type = 'table' AND NOT name = 'sqlite_sequence'
[0m
  [4;36;1mSQL (0.000203)[0m   [0;1mCREATE TABLE "comments" ("id" INTEGER PRIMARY KEY AUTOINCREMENT NOT NULL, "commentable_id" integer DEFAULT 0, "commentable_type" varchar(15) DEFAULT '', "title" varchar(255) DEFAULT '', "body" text DEFAULT '', "subject" varchar(255) DEFAULT '', "user_id" integer DEFAULT 0 NOT NULL, "parent_id" integer, "lft" integer, "rgt" integer, "created_at" datetime, "updated_at" datetime) [0m
  [4;35;1mSQL (0.000147)[0m   [0mCREATE INDEX "index_comments_on_user_id" ON "comments" ("user_id")[0m
  [4;36;1mSQL (0.000122)[0m   [0;1mCREATE INDEX "index_comments_on_commentable_id" ON "comments" ("commentable_id")[0m
  [4;35;1mSQL (0.000119)[0m   [0m SELECT name
 FROM sqlite_master
 WHERE type = 'table' AND NOT name = 'sqlite_sequence'
[0m
  [4;36;1mSQL (0.000113)[0m   [0;1mCREATE TABLE "schema_migrations" ("version" varchar(255) NOT NULL) [0m
  [4;35;1mSQL (0.000116)[0m   [0mCREATE UNIQUE INDEX "unique_schema_migrations" ON "schema_migrations" ("version")[0m
  [4;36;1mSQL (0.000136)[0m   [0;1m SELECT name
 FROM sqlite_master
 WHERE type = 'table' AND NOT name = 'sqlite_sequence'
[0m
  [4;35;1mSQL (0.000053)[0m   [0mSELECT version FROM "schema_migrations"[0m
  [4;36;1mSQL (0.000053)[0m   [0;1mINSERT INTO "schema_migrations" (version) VALUES ('0')[0m
  [4;35;1mUser Create (0.000075)[0m   [0mINSERT INTO "users" ("updated_at", "created_at") VALUES('2008-11-16 11:55:57', '2008-11-16 11:55:57')[0m
  [4;36;1mSQL (0.000151)[0m   [0;1mSELECT max("comments".rgt) AS max_rgt FROM "comments" WHERE ("comments"."commentable_id" = 0 AND "comments"."commentable_type" = '') [0m
  [4;35;1mComment Create (0.000077)[0m   [0mINSERT INTO "comments" ("commentable_type", "updated_at", "title", "body", "lft", "commentable_id", "subject", "user_id", "parent_id", "rgt", "created_at") VALUES('', '2008-11-16 11:55:57', '', 'Root comment', 1, 0, '', 1, NULL, 2, '2008-11-16 11:55:57')[0m
  [4;36;1mComment Load (0.000963)[0m   [0;1mSELECT * FROM "comments" WHERE (("comments"."parent_id" = 1) AND ("comments"."commentable_id" = 0 AND "comments"."commentable_type" = '')) ORDER BY "lft"[0m
  [4;35;1mSQL (0.000136)[0m   [0mSELECT max("comments".rgt) AS max_rgt FROM "comments" WHERE ("comments"."commentable_id" = 0 AND "comments"."commentable_type" = '') [0m
  [4;36;1mComment Create (0.000096)[0m   [0;1mINSERT INTO "comments" ("commentable_type", "updated_at", "title", "body", "lft", "commentable_id", "subject", "user_id", "parent_id", "rgt", "created_at") VALUES('', '2008-11-16 11:55:57', '', 'This is a grandchild', 3, 0, '', 1, NULL, 4, '2008-11-16 11:55:57')[0m
  [4;35;1mComment Load (0.000136)[0m   [0mSELECT "lft", "rgt", "parent_id" FROM "comments" WHERE ("comments"."id" = 1) [0m
  [4;36;1mComment Load (0.000100)[0m   [0;1mSELECT "lft", "rgt", "parent_id" FROM "comments" WHERE ("comments"."id" = 2) [0m
  [4;35;1mComment Update (0.000145)[0m   [0mUPDATE "comments" SET "lft" = CASE WHEN "lft" BETWEEN 2 AND 2 THEN "lft" + 4 - 2 WHEN "lft" BETWEEN 3 AND 4 THEN "lft" + 2 - 3 ELSE "lft" END, "rgt" = CASE WHEN "rgt" BETWEEN 2 AND 2 THEN "rgt" + 4 - 2 WHEN "rgt" BETWEEN 3 AND 4 THEN "rgt" + 2 - 3 ELSE "rgt" END, "parent_id" = CASE WHEN id = 2 THEN 1 ELSE "parent_id" END WHERE ("comments"."commentable_id" = 0 AND "comments"."commentable_type" = '') [0m
  [4;36;1mComment Load (0.000103)[0m   [0;1mSELECT "lft", "rgt", "parent_id" FROM "comments" WHERE ("comments"."id" = 1) [0m
  [4;35;1mComment Load (0.000103)[0m   [0mSELECT "lft", "rgt", "parent_id" FROM "comments" WHERE ("comments"."id" = 2) [0m
  [4;36;1mComment Load (0.000527)[0m   [0;1mSELECT * FROM "comments" WHERE (("comments"."parent_id" = 1) AND ("comments"."commentable_id" = 0 AND "comments"."commentable_type" = '')) ORDER BY "lft"[0m
  [4;35;1mUser Create (0.000069)[0m   [0mINSERT INTO "users" ("updated_at", "created_at") VALUES('2008-11-16 11:55:57', '2008-11-16 11:55:57')[0m
  [4;36;1mSQL (0.000163)[0m   [0;1mSELECT max("comments".rgt) AS max_rgt FROM "comments" WHERE ("comments"."commentable_id" = 0 AND "comments"."commentable_type" = '') [0m
  [4;35;1mComment Create (0.000198)[0m   [0mINSERT INTO "comments" ("commentable_type", "updated_at", "title", "body", "lft", "commentable_id", "subject", "user_id", "parent_id", "rgt", "created_at") VALUES('', '2008-11-16 11:55:57', '', 'Root comment', 5, 0, '', 2, NULL, 6, '2008-11-16 11:55:57')[0m
  [4;36;1mUser Create (0.000062)[0m   [0;1mINSERT INTO "users" ("updated_at", "created_at") VALUES('2008-11-16 11:55:57', '2008-11-16 11:55:57')[0m
  [4;35;1mSQL (0.000173)[0m   [0mSELECT max("comments".rgt) AS max_rgt FROM "comments" WHERE ("comments"."commentable_id" = 0 AND "comments"."commentable_type" = '') [0m
  [4;36;1mComment Create (0.000136)[0m   [0;1mINSERT INTO "comments" ("commentable_type", "updated_at", "title", "body", "lft", "commentable_id", "subject", "user_id", "parent_id", "rgt", "created_at") VALUES('', '2008-11-16 11:55:57', '', 'Root comment', 7, 0, '', 3, NULL, 8, '2008-11-16 11:55:57')[0m
  [4;35;1mSQL (0.000186)[0m   [0mSELECT max("comments".rgt) AS max_rgt FROM "comments" WHERE ("comments"."commentable_id" = 0 AND "comments"."commentable_type" = '') [0m
  [4;36;1mComment Create (0.000125)[0m   [0;1mINSERT INTO "comments" ("commentable_type", "updated_at", "title", "body", "lft", "commentable_id", "subject", "user_id", "parent_id", "rgt", "created_at") VALUES('', '2008-11-16 11:55:57', '', 'Child comment', 9, 0, '', 3, NULL, 10, '2008-11-16 11:55:57')[0m
  [4;35;1mComment Load (0.000150)[0m   [0mSELECT "lft", "rgt", "parent_id" FROM "comments" WHERE ("comments"."id" = 4) [0m
  [4;36;1mComment Load (0.000104)[0m   [0;1mSELECT "lft", "rgt", "parent_id" FROM "comments" WHERE ("comments"."id" = 5) [0m
  [4;35;1mComment Update (0.000237)[0m   [0mUPDATE "comments" SET "lft" = CASE WHEN "lft" BETWEEN 8 AND 8 THEN "lft" + 10 - 8 WHEN "lft" BETWEEN 9 AND 10 THEN "lft" + 8 - 9 ELSE "lft" END, "rgt" = CASE WHEN "rgt" BETWEEN 8 AND 8 THEN "rgt" + 10 - 8 WHEN "rgt" BETWEEN 9 AND 10 THEN "rgt" + 8 - 9 ELSE "rgt" END, "parent_id" = CASE WHEN id = 5 THEN 4 ELSE "parent_id" END WHERE ("comments"."commentable_id" = 0 AND "comments"."commentable_type" = '') [0m
  [4;36;1mComment Load (0.000158)[0m   [0;1mSELECT "lft", "rgt", "parent_id" FROM "comments" WHERE ("comments"."id" = 4) [0m
  [4;35;1mComment Load (0.000161)[0m   [0mSELECT "lft", "rgt", "parent_id" FROM "comments" WHERE ("comments"."id" = 5) [0m
  [4;36;1mComment Load (0.000341)[0m   [0;1mSELECT * FROM "comments" WHERE ("comments"."id" = 4) AND ("comments"."commentable_id" = 0 AND "comments"."commentable_type" = '') ORDER BY "lft" LIMIT 1[0m
  [4;35;1mSQL (0.000169)[0m   [0mSELECT max("comments".rgt) AS max_rgt FROM "comments" WHERE ("comments"."commentable_id" = 0 AND "comments"."commentable_type" = '') [0m
  [4;36;1mComment Create (0.000089)[0m   [0;1mINSERT INTO "comments" ("commentable_type", "updated_at", "title", "body", "lft", "commentable_id", "subject", "user_id", "parent_id", "rgt", "created_at") VALUES('', '2008-11-16 11:55:57', '', 'Child comment', 11, 0, '', 3, NULL, 12, '2008-11-16 11:55:57')[0m
  [4;35;1mComment Load (0.000101)[0m   [0mSELECT "lft", "rgt", "parent_id" FROM "comments" WHERE ("comments"."id" = 4) [0m
  [4;36;1mComment Load (0.000100)[0m   [0;1mSELECT "lft", "rgt", "parent_id" FROM "comments" WHERE ("comments"."id" = 6) [0m
  [4;35;1mComment Update (0.000213)[0m   [0mUPDATE "comments" SET "lft" = CASE WHEN "lft" BETWEEN 10 AND 10 THEN "lft" + 12 - 10 WHEN "lft" BETWEEN 11 AND 12 THEN "lft" + 10 - 11 ELSE "lft" END, "rgt" = CASE WHEN "rgt" BETWEEN 10 AND 10 THEN "rgt" + 12 - 10 WHEN "rgt" BETWEEN 11 AND 12 THEN "rgt" + 10 - 11 ELSE "rgt" END, "parent_id" = CASE WHEN id = 6 THEN 4 ELSE "parent_id" END WHERE ("comments"."commentable_id" = 0 AND "comments"."commentable_type" = '') [0m
  [4;36;1mComment Load (0.000102)[0m   [0;1mSELECT "lft", "rgt", "parent_id" FROM "comments" WHERE ("comments"."id" = 4) [0m
  [4;35;1mComment Load (0.000102)[0m   [0mSELECT "lft", "rgt", "parent_id" FROM "comments" WHERE ("comments"."id" = 6) [0m
  [4;36;1mComment Load (0.000573)[0m   [0;1mSELECT * FROM "comments" WHERE (("comments"."parent_id" = 4) AND ("comments"."commentable_id" = 0 AND "comments"."commentable_type" = '')) ORDER BY "lft" LIMIT 1[0m
  [4;36;1mSQL (0.000133)[0m   [0;1mselect sqlite_version(*)[0m
  [4;35;1mSQL (0.000104)[0m   [0m SELECT name
 FROM sqlite_master
 WHERE type = 'table' AND NOT name = 'sqlite_sequence'
[0m
  [4;36;1mSQL (0.000227)[0m   [0;1mCREATE TABLE "users" ("id" INTEGER PRIMARY KEY AUTOINCREMENT NOT NULL, "created_at" datetime, "updated_at" datetime) [0m
  [4;35;1mSQL (0.000114)[0m   [0m SELECT name
 FROM sqlite_master
 WHERE type = 'table' AND NOT name = 'sqlite_sequence'
[0m
  [4;36;1mSQL (0.000115)[0m   [0;1mCREATE TABLE "commentables" ("id" INTEGER PRIMARY KEY AUTOINCREMENT NOT NULL, "created_at" datetime, "updated_at" datetime) [0m
  [4;35;1mSQL (0.000102)[0m   [0m SELECT name
 FROM sqlite_master
 WHERE type = 'table' AND NOT name = 'sqlite_sequence'
[0m
  [4;36;1mSQL (0.000164)[0m   [0;1mCREATE TABLE "comments" ("id" INTEGER PRIMARY KEY AUTOINCREMENT NOT NULL, "commentable_id" integer DEFAULT 0, "commentable_type" varchar(15) DEFAULT '', "title" varchar(255) DEFAULT '', "body" text DEFAULT '', "subject" varchar(255) DEFAULT '', "user_id" integer DEFAULT 0 NOT NULL, "parent_id" integer, "lft" integer, "rgt" integer, "created_at" datetime, "updated_at" datetime) [0m
  [4;35;1mSQL (0.000128)[0m   [0mCREATE INDEX "index_comments_on_user_id" ON "comments" ("user_id")[0m
  [4;36;1mSQL (0.000115)[0m   [0;1mCREATE INDEX "index_comments_on_commentable_id" ON "comments" ("commentable_id")[0m
  [4;35;1mSQL (0.000112)[0m   [0m SELECT name
 FROM sqlite_master
 WHERE type = 'table' AND NOT name = 'sqlite_sequence'
[0m
  [4;36;1mSQL (0.000106)[0m   [0;1mCREATE TABLE "schema_migrations" ("version" varchar(255) NOT NULL) [0m
  [4;35;1mSQL (0.000109)[0m   [0mCREATE UNIQUE INDEX "unique_schema_migrations" ON "schema_migrations" ("version")[0m
  [4;36;1mSQL (0.000127)[0m   [0;1m SELECT name
 FROM sqlite_master
 WHERE type = 'table' AND NOT name = 'sqlite_sequence'
[0m
  [4;35;1mSQL (0.000048)[0m   [0mSELECT version FROM "schema_migrations"[0m
  [4;36;1mSQL (0.000049)[0m   [0;1mINSERT INTO "schema_migrations" (version) VALUES ('0')[0m
  [4;35;1mUser Create (0.000074)[0m   [0mINSERT INTO "users" ("updated_at", "created_at") VALUES('2008-11-16 11:56:44', '2008-11-16 11:56:44')[0m
  [4;36;1mSQL (0.000152)[0m   [0;1mSELECT max("comments".rgt) AS max_rgt FROM "comments" WHERE ("comments"."commentable_id" = 0 AND "comments"."commentable_type" = '') [0m
  [4;35;1mComment Create (0.000088)[0m   [0mINSERT INTO "comments" ("commentable_type", "updated_at", "title", "body", "lft", "commentable_id", "subject", "user_id", "parent_id", "rgt", "created_at") VALUES('', '2008-11-16 11:56:44', '', 'Root comment', 1, 0, '', 1, NULL, 2, '2008-11-16 11:56:44')[0m
  [4;36;1mUser Create (0.000065)[0m   [0;1mINSERT INTO "users" ("updated_at", "created_at") VALUES('2008-11-16 11:56:44', '2008-11-16 11:56:44')[0m
  [4;35;1mSQL (0.000105)[0m   [0mSELECT max("comments".rgt) AS max_rgt FROM "comments" WHERE ("comments"."commentable_id" = 0 AND "comments"."commentable_type" = '') [0m
  [4;36;1mComment Create (0.000077)[0m   [0;1mINSERT INTO "comments" ("commentable_type", "updated_at", "title", "body", "lft", "commentable_id", "subject", "user_id", "parent_id", "rgt", "created_at") VALUES('', '2008-11-16 11:56:44', '', 'Root comment', 3, 0, '', 2, NULL, 4, '2008-11-16 11:56:44')[0m
  [4;35;1mComment Load (0.000673)[0m   [0mSELECT * FROM "comments" WHERE (("comments"."parent_id" = 2) AND ("comments"."commentable_id" = 0 AND "comments"."commentable_type" = '')) ORDER BY "lft"[0m
  [4;36;1mUser Create (0.000057)[0m   [0;1mINSERT INTO "users" ("updated_at", "created_at") VALUES('2008-11-16 11:56:44', '2008-11-16 11:56:44')[0m
  [4;35;1mSQL (0.000105)[0m   [0mSELECT max("comments".rgt) AS max_rgt FROM "comments" WHERE ("comments"."commentable_id" = 0 AND "comments"."commentable_type" = '') [0m
  [4;36;1mComment Create (0.000087)[0m   [0;1mINSERT INTO "comments" ("commentable_type", "updated_at", "title", "body", "lft", "commentable_id", "subject", "user_id", "parent_id", "rgt", "created_at") VALUES('', '2008-11-16 11:56:44', '', 'Root comment', 5, 0, '', 3, NULL, 6, '2008-11-16 11:56:44')[0m
  [4;35;1mSQL (0.000133)[0m   [0mSELECT max("comments".rgt) AS max_rgt FROM "comments" WHERE ("comments"."commentable_id" = 0 AND "comments"."commentable_type" = '') [0m
  [4;36;1mComment Create (0.000076)[0m   [0;1mINSERT INTO "comments" ("commentable_type", "updated_at", "title", "body", "lft", "commentable_id", "subject", "user_id", "parent_id", "rgt", "created_at") VALUES('', '2008-11-16 11:56:44', '', 'This is a grandchild', 7, 0, '', 3, NULL, 8, '2008-11-16 11:56:44')[0m
  [4;35;1mComment Load (0.000109)[0m   [0mSELECT "lft", "rgt", "parent_id" FROM "comments" WHERE ("comments"."id" = 3) [0m
  [4;36;1mComment Load (0.000097)[0m   [0;1mSELECT "lft", "rgt", "parent_id" FROM "comments" WHERE ("comments"."id" = 4) [0m
  [4;35;1mComment Update (0.000146)[0m   [0mUPDATE "comments" SET "lft" = CASE WHEN "lft" BETWEEN 6 AND 6 THEN "lft" + 8 - 6 WHEN "lft" BETWEEN 7 AND 8 THEN "lft" + 6 - 7 ELSE "lft" END, "rgt" = CASE WHEN "rgt" BETWEEN 6 AND 6 THEN "rgt" + 8 - 6 WHEN "rgt" BETWEEN 7 AND 8 THEN "rgt" + 6 - 7 ELSE "rgt" END, "parent_id" = CASE WHEN id = 4 THEN 3 ELSE "parent_id" END WHERE ("comments"."commentable_id" = 0 AND "comments"."commentable_type" = '') [0m
  [4;36;1mComment Load (0.000106)[0m   [0;1mSELECT "lft", "rgt", "parent_id" FROM "comments" WHERE ("comments"."id" = 3) [0m
  [4;35;1mComment Load (0.000099)[0m   [0mSELECT "lft", "rgt", "parent_id" FROM "comments" WHERE ("comments"."id" = 4) [0m
  [4;36;1mComment Load (0.000501)[0m   [0;1mSELECT * FROM "comments" WHERE (("comments"."parent_id" = 3) AND ("comments"."commentable_id" = 0 AND "comments"."commentable_type" = '')) ORDER BY "lft"[0m
  [4;35;1mUser Create (0.000188)[0m   [0mINSERT INTO "users" ("updated_at", "created_at") VALUES('2008-11-16 11:56:44', '2008-11-16 11:56:44')[0m
  [4;36;1mSQL (0.000122)[0m   [0;1mSELECT max("comments".rgt) AS max_rgt FROM "comments" WHERE ("comments"."commentable_id" = 0 AND "comments"."commentable_type" = '') [0m
  [4;35;1mComment Create (0.000080)[0m   [0mINSERT INTO "comments" ("commentable_type", "updated_at", "title", "body", "lft", "commentable_id", "subject", "user_id", "parent_id", "rgt", "created_at") VALUES('', '2008-11-16 11:56:44', '', 'Root comment', 9, 0, '', 4, NULL, 10, '2008-11-16 11:56:44')[0m
  [4;36;1mUser Create (0.000057)[0m   [0;1mINSERT INTO "users" ("updated_at", "created_at") VALUES('2008-11-16 11:56:44', '2008-11-16 11:56:44')[0m
  [4;35;1mSQL (0.000115)[0m   [0mSELECT max("comments".rgt) AS max_rgt FROM "comments" WHERE ("comments"."commentable_id" = 0 AND "comments"."commentable_type" = '') [0m
  [4;36;1mComment Create (0.000085)[0m   [0;1mINSERT INTO "comments" ("commentable_type", "updated_at", "title", "body", "lft", "commentable_id", "subject", "user_id", "parent_id", "rgt", "created_at") VALUES('', '2008-11-16 11:56:44', '', 'Root comment', 11, 0, '', 5, NULL, 12, '2008-11-16 11:56:44')[0m
  [4;35;1mUser Create (0.000124)[0m   [0mINSERT INTO "users" ("updated_at", "created_at") VALUES('2008-11-16 11:56:44', '2008-11-16 11:56:44')[0m
  [4;36;1mSQL (0.000189)[0m   [0;1mSELECT max("comments".rgt) AS max_rgt FROM "comments" WHERE ("comments"."commentable_id" = 0 AND "comments"."commentable_type" = '') [0m
  [4;35;1mComment Create (0.000168)[0m   [0mINSERT INTO "comments" ("commentable_type", "updated_at", "title", "body", "lft", "commentable_id", "subject", "user_id", "parent_id", "rgt", "created_at") VALUES('', '2008-11-16 11:56:44', '', 'Root comment', 13, 0, '', 6, NULL, 14, '2008-11-16 11:56:44')[0m
  [4;36;1mSQL (0.000122)[0m   [0;1mSELECT max("comments".rgt) AS max_rgt FROM "comments" WHERE ("comments"."commentable_id" = 0 AND "comments"."commentable_type" = '') [0m
  [4;35;1mComment Create (0.000109)[0m   [0mINSERT INTO "comments" ("commentable_type", "updated_at", "title", "body", "lft", "commentable_id", "subject", "user_id", "parent_id", "rgt", "created_at") VALUES('', '2008-11-16 11:56:44', '', 'Child comment', 15, 0, '', 6, NULL, 16, '2008-11-16 11:56:44')[0m
  [4;36;1mComment Load (0.000118)[0m   [0;1mSELECT "lft", "rgt", "parent_id" FROM "comments" WHERE ("comments"."id" = 7) [0m
  [4;35;1mComment Load (0.000115)[0m   [0mSELECT "lft", "rgt", "parent_id" FROM "comments" WHERE ("comments"."id" = 8) [0m
  [4;36;1mComment Update (0.000181)[0m   [0;1mUPDATE "comments" SET "lft" = CASE WHEN "lft" BETWEEN 14 AND 14 THEN "lft" + 16 - 14 WHEN "lft" BETWEEN 15 AND 16 THEN "lft" + 14 - 15 ELSE "lft" END, "rgt" = CASE WHEN "rgt" BETWEEN 14 AND 14 THEN "rgt" + 16 - 14 WHEN "rgt" BETWEEN 15 AND 16 THEN "rgt" + 14 - 15 ELSE "rgt" END, "parent_id" = CASE WHEN id = 8 THEN 7 ELSE "parent_id" END WHERE ("comments"."commentable_id" = 0 AND "comments"."commentable_type" = '') [0m
  [4;35;1mComment Load (0.000117)[0m   [0mSELECT "lft", "rgt", "parent_id" FROM "comments" WHERE ("comments"."id" = 7) [0m
  [4;36;1mComment Load (0.000120)[0m   [0;1mSELECT "lft", "rgt", "parent_id" FROM "comments" WHERE ("comments"."id" = 8) [0m
  [4;35;1mComment Load (0.000247)[0m   [0mSELECT * FROM "comments" WHERE ("comments"."id" = 7) AND ("comments"."commentable_id" = 0 AND "comments"."commentable_type" = '') ORDER BY "lft" LIMIT 1[0m
  [4;36;1mUser Create (0.000068)[0m   [0;1mINSERT INTO "users" ("updated_at", "created_at") VALUES('2008-11-16 11:56:44', '2008-11-16 11:56:44')[0m
  [4;35;1mSQL (0.000126)[0m   [0mSELECT max("comments".rgt) AS max_rgt FROM "comments" WHERE ("comments"."commentable_id" = 0 AND "comments"."commentable_type" = '') [0m
  [4;36;1mComment Create (0.000093)[0m   [0;1mINSERT INTO "comments" ("commentable_type", "updated_at", "title", "body", "lft", "commentable_id", "subject", "user_id", "parent_id", "rgt", "created_at") VALUES('', '2008-11-16 11:56:44', '', 'Root comment', 17, 0, '', 7, NULL, 18, '2008-11-16 11:56:44')[0m
  [4;35;1mSQL (0.000124)[0m   [0mSELECT max("comments".rgt) AS max_rgt FROM "comments" WHERE ("comments"."commentable_id" = 0 AND "comments"."commentable_type" = '') [0m
  [4;36;1mComment Create (0.000094)[0m   [0;1mINSERT INTO "comments" ("commentable_type", "updated_at", "title", "body", "lft", "commentable_id", "subject", "user_id", "parent_id", "rgt", "created_at") VALUES('', '2008-11-16 11:56:44', '', 'Child comment', 19, 0, '', 7, NULL, 20, '2008-11-16 11:56:44')[0m
  [4;35;1mComment Load (0.000117)[0m   [0mSELECT "lft", "rgt", "parent_id" FROM "comments" WHERE ("comments"."id" = 9) [0m
  [4;36;1mComment Load (0.000122)[0m   [0;1mSELECT "lft", "rgt", "parent_id" FROM "comments" WHERE ("comments"."id" = 10) [0m
  [4;35;1mComment Update (0.000197)[0m   [0mUPDATE "comments" SET "lft" = CASE WHEN "lft" BETWEEN 18 AND 18 THEN "lft" + 20 - 18 WHEN "lft" BETWEEN 19 AND 20 THEN "lft" + 18 - 19 ELSE "lft" END, "rgt" = CASE WHEN "rgt" BETWEEN 18 AND 18 THEN "rgt" + 20 - 18 WHEN "rgt" BETWEEN 19 AND 20 THEN "rgt" + 18 - 19 ELSE "rgt" END, "parent_id" = CASE WHEN id = 10 THEN 9 ELSE "parent_id" END WHERE ("comments"."commentable_id" = 0 AND "comments"."commentable_type" = '') [0m
  [4;36;1mComment Load (0.000117)[0m   [0;1mSELECT "lft", "rgt", "parent_id" FROM "comments" WHERE ("comments"."id" = 9) [0m
  [4;35;1mComment Load (0.000118)[0m   [0mSELECT "lft", "rgt", "parent_id" FROM "comments" WHERE ("comments"."id" = 10) [0m
  [4;36;1mComment Load (0.000636)[0m   [0;1mSELECT * FROM "comments" WHERE (("comments"."parent_id" = 9) AND ("comments"."commentable_id" = 0 AND "comments"."commentable_type" = '')) ORDER BY "lft" LIMIT 1[0m
